[Device] 使用设备：cuda
[Data] 正在加载 SEVIR VIL 数据集...
[SEVIRVILDataset] 发现 14 个 h5 文件
  train_years=[2017, 2018] -> 9 个文件
  test_years=[2019]  -> 5 个文件
[SEVIRVILDataset] split=train, 使用样本数=10964, 来源文件事件总数=12182
[SEVIRVILDataset] 发现 14 个 h5 文件
  train_years=[2017, 2018] -> 9 个文件
  test_years=[2019]  -> 5 个文件
[SEVIRVILDataset] split=val, 使用样本数=1218, 来源文件事件总数=12182
[SEVIRVILDataset] 发现 14 个 h5 文件
  train_years=[2017, 2018] -> 9 个文件
  test_years=[2019]  -> 5 个文件
[SEVIRVILDataset] split=test, 使用样本数=8211, 来源文件事件总数=8211
[Model] 正在构建 SimVP 模型...
[Model] 可训练参数量：3.14M
/root/autodl-tmp/simvp-test/train_baseline.py:188: FutureWarning: `torch.cuda.amp.GradScaler(args...)` is deprecated. Please use `torch.amp.GradScaler('cuda', args...)` instead.
  scaler = GradScaler()

[Train] 开始 Baseline 训练，共 50 个 Epoch
============================================================
  [Epoch 1] Step 20/228 | Loss: 2.3151 (avg: 2.5538)
  [Epoch 1] Step 40/228 | Loss: 2.3205 (avg: 2.4388)
  [Epoch 1] Step 60/228 | Loss: 2.0971 (avg: 2.3780)
  [Epoch 1] Step 80/228 | Loss: 2.1769 (avg: 2.3354)
  [Epoch 1] Step 100/228 | Loss: 2.2489 (avg: 2.3015)
  [Epoch 1] Step 120/228 | Loss: 2.1851 (avg: 2.2755)
  [Epoch 1] Step 140/228 | Loss: 2.1321 (avg: 2.2555)
