[Device] cuda  |  [Mode] OPSD  |  [T] 2.0
[Data] 正在加载 SEVIR VIL 数据集...
[SEVIRVILDataset] 发现 14 个 h5 文件
  train_years=[2017, 2018] -> 9 个文件
  test_years=[2019]  -> 5 个文件
[SEVIRVILDataset] split=train, 使用样本数=10964, 来源文件事件总数=12182
[SEVIRVILDataset] 发现 14 个 h5 文件
  train_years=[2017, 2018] -> 9 个文件
  test_years=[2019]  -> 5 个文件
[SEVIRVILDataset] split=val, 使用样本数=1218, 来源文件事件总数=12182
[SEVIRVILDataset] 发现 14 个 h5 文件
  train_years=[2017, 2018] -> 9 个文件
  test_years=[2019]  -> 5 个文件
[SEVIRVILDataset] split=test, 使用样本数=8211, 来源文件事件总数=8211
[Model] 正在构建 SimVP 模型...
[Model] 可训练参数量：3.14M
/root/autodl-tmp/simvp-test/train_opsd.py:384: FutureWarning: `torch.cuda.amp.GradScaler(args...)` is deprecated. Please use `torch.amp.GradScaler('cuda', args...)` instead.
  scaler = GradScaler()
[Pretrained] 从 Baseline 权重热启动：checkpoints_mamba/baseline/best.pth
  Baseline 最佳 Val Loss: 1.0623

[Train] OPSD 训练，共 30 Epoch  →  checkpoints_mamba/opsd
        KL 权重: 1.0 | CE 权重: 0.5
============================================================
  [Epoch 1] Step 20/456 | Total: 1.5246 | KL: 0.6580 | CE: 1.7332
  [Epoch 1] Step 40/456 | Total: 1.1420 | KL: 0.3168 | CE: 1.6502
  [Epoch 1] Step 60/456 | Total: 1.5058 | KL: 0.6292 | CE: 1.7533
  [Epoch 1] Step 80/456 | Total: 1.3995 | KL: 0.5893 | CE: 1.6204
  [Epoch 1] Step 100/456 | Total: 1.3442 | KL: 0.4609 | CE: 1.7666
  [Epoch 1] Step 120/456 | Total: 1.3271 | KL: 0.4935 | CE: 1.6672
  [Epoch 1] Step 140/456 | Total: 1.6523 | KL: 0.6433 | CE: 2.0179
  [Epoch 1] Step 160/456 | Total: 1.6517 | KL: 0.7087 | CE: 1.8861
  [Epoch 1] Step 180/456 | Total: 1.4355 | KL: 0.5747 | CE: 1.7216
  [Epoch 1] Step 200/456 | Total: 1.4955 | KL: 0.6574 | CE: 1.6762
  [Epoch 1] Step 220/456 | Total: 1.1420 | KL: 0.2970 | CE: 1.6900
