
libgomp: Invalid value for environment variable OMP_NUM_THREADS
/root/autodl-tmp/simvp-test/train_baseline.py:188: FutureWarning: `torch.cuda.amp.GradScaler(args...)` is deprecated. Please use `torch.amp.GradScaler('cuda', args...)` instead.
  scaler = GradScaler()
[Device] 使用设备：cuda
[Data] 正在加载 SEVIR VIL 数据集...
[SEVIRVILDataset] 发现 14 个 h5 文件
  train_years=[2017, 2018] -> 9 个文件
  test_years=[2019]  -> 5 个文件
[SEVIRVILDataset] split=train, 使用样本数=10964, 来源文件事件总数=12182
[SEVIRVILDataset] 发现 14 个 h5 文件
  train_years=[2017, 2018] -> 9 个文件
  test_years=[2019]  -> 5 个文件
[SEVIRVILDataset] split=val, 使用样本数=1218, 来源文件事件总数=12182
[SEVIRVILDataset] 发现 14 个 h5 文件
  train_years=[2017, 2018] -> 9 个文件
  test_years=[2019]  -> 5 个文件
[SEVIRVILDataset] split=test, 使用样本数=8211, 来源文件事件总数=8211
[Model] 正在构建 SimVP 模型...
[Model] 可训练参数量：206.66M

[Train] 开始 Baseline 训练，共 50 个 Epoch
============================================================
