nohup: ignoring input
[Device] cuda  |  [Mode] OPSD  |  [T] 2.0
[Data] 正在加载 SEVIR VIL 数据集...
[SEVIRVILDataset] 发现 14 个 h5 文件
  train_years=[2017, 2018] -> 9 个文件
  test_years=[2019]  -> 5 个文件
[SEVIRVILDataset] split=train, 使用样本数=10964, 来源文件事件总数=12182
[SEVIRVILDataset] 发现 14 个 h5 文件
  train_years=[2017, 2018] -> 9 个文件
  test_years=[2019]  -> 5 个文件
[SEVIRVILDataset] split=val, 使用样本数=1218, 来源文件事件总数=12182
[SEVIRVILDataset] 发现 14 个 h5 文件
  train_years=[2017, 2018] -> 9 个文件
  test_years=[2019]  -> 5 个文件
[SEVIRVILDataset] split=test, 使用样本数=8211, 来源文件事件总数=8211
[Model] 正在构建 SimVP 模型...
[Model] 可训练参数量：3.14M
/root/autodl-tmp/simvp-test/train_opsd.py:384: FutureWarning: `torch.cuda.amp.GradScaler(args...)` is deprecated. Please use `torch.amp.GradScaler('cuda', args...)` instead.
  scaler = GradScaler()
[Pretrained] 从 Baseline 权重热启动：checkpoints_mamba/baseline/best.pth
  Baseline 最佳 Val Loss: 1.0623

[Train] OPSD 训练，共 30 Epoch  →  checkpoints_mamba/opsd
        KL 权重: 1.0 | CE 权重: 0.5
============================================================
  [Epoch 1] Step 20/228 | Total: 1.5731 | KL: 0.6653 | CE: 1.8157
  [Epoch 1] Step 40/228 | Total: 1.4570 | KL: 0.5898 | CE: 1.7344
  [Epoch 1] Step 60/228 | Total: 1.3854 | KL: 0.5718 | CE: 1.6271
  [Epoch 1] Step 80/228 | Total: 1.3860 | KL: 0.5400 | CE: 1.6919
  [Epoch 1] Step 100/228 | Total: 1.4205 | KL: 0.4412 | CE: 1.9587
  [Epoch 1] Step 120/228 | Total: 1.2716 | KL: 0.3698 | CE: 1.8038
  [Epoch 1] Step 140/228 | Total: 1.4491 | KL: 0.5116 | CE: 1.8749
  [Epoch 1] Step 160/228 | Total: 1.3984 | KL: 0.6093 | CE: 1.5781
  [Epoch 1] Step 180/228 | Total: 1.4546 | KL: 0.5652 | CE: 1.7788
  [Epoch 1] Step 200/228 | Total: 1.4268 | KL: 0.5388 | CE: 1.7762
  [Epoch 1] Step 220/228 | Total: 1.5360 | KL: 0.6503 | CE: 1.7714
[Epoch 001/30] Train: 1.4213 (KL:0.5548 CE:1.7331) | Val: 1.0965 | LR: 1.99e-04 | Time: 500.1s
  [Metrics @74] CSI=0.4479 | POD=0.4706 | FAR=0.0974 | HSS=0.5579
  [Metrics @133] CSI=0.1514 | POD=0.1575 | FAR=0.2034 | HSS=0.2449
  [Checkpoint] 保存最佳 OPSD 模型，CSI@74: 0.4479
------------------------------------------------------------
  [Epoch 2] Step 20/228 | Total: 1.2423 | KL: 0.5139 | CE: 1.4568
  [Epoch 2] Step 40/228 | Total: 1.4489 | KL: 0.5606 | CE: 1.7767
  [Epoch 2] Step 60/228 | Total: 1.3702 | KL: 0.4136 | CE: 1.9132
  [Epoch 2] Step 80/228 | Total: 1.2912 | KL: 0.4854 | CE: 1.6117
  [Epoch 2] Step 100/228 | Total: 1.5180 | KL: 0.6203 | CE: 1.7955
  [Epoch 2] Step 120/228 | Total: 1.5243 | KL: 0.6673 | CE: 1.7139
  [Epoch 2] Step 140/228 | Total: 1.3300 | KL: 0.5420 | CE: 1.5760
  [Epoch 2] Step 160/228 | Total: 1.3583 | KL: 0.4396 | CE: 1.8375
  [Epoch 2] Step 180/228 | Total: 1.4287 | KL: 0.5774 | CE: 1.7027
  [Epoch 2] Step 200/228 | Total: 1.3653 | KL: 0.5720 | CE: 1.5866
  [Epoch 2] Step 220/228 | Total: 1.4255 | KL: 0.5520 | CE: 1.7469
[Epoch 002/30] Train: 1.3868 (KL:0.5360 CE:1.7016) | Val: 1.0990 | LR: 1.98e-04 | Time: 497.1s
  [Metrics @74] CSI=0.6258 | POD=0.7724 | FAR=0.2327 | HSS=0.7119
  [Metrics @133] CSI=0.2791 | POD=0.3187 | FAR=0.3082 | HSS=0.4093
  [Checkpoint] 保存最佳 OPSD 模型，CSI@74: 0.6258
------------------------------------------------------------
  [Epoch 3] Step 20/228 | Total: 1.3891 | KL: 0.5512 | CE: 1.6757
  [Epoch 3] Step 40/228 | Total: 1.5099 | KL: 0.6523 | CE: 1.7153
  [Epoch 3] Step 60/228 | Total: 1.5096 | KL: 0.6238 | CE: 1.7717
  [Epoch 3] Step 80/228 | Total: 1.4318 | KL: 0.5888 | CE: 1.6860
  [Epoch 3] Step 100/228 | Total: 1.4223 | KL: 0.5113 | CE: 1.8220
  [Epoch 3] Step 120/228 | Total: 1.4729 | KL: 0.6205 | CE: 1.7049
  [Epoch 3] Step 140/228 | Total: 1.4204 | KL: 0.6108 | CE: 1.6191
  [Epoch 3] Step 160/228 | Total: 1.4477 | KL: 0.4844 | CE: 1.9266
  [Epoch 3] Step 180/228 | Total: 1.4177 | KL: 0.5870 | CE: 1.6614
  [Epoch 3] Step 200/228 | Total: 1.1455 | KL: 0.4258 | CE: 1.4394
  [Epoch 3] Step 220/228 | Total: 1.2955 | KL: 0.5130 | CE: 1.5650
[Epoch 003/30] Train: 1.3938 (KL:0.5581 CE:1.6713) | Val: 1.0821 | LR: 1.95e-04 | Time: 495.4s
  [Metrics @74] CSI=0.5649 | POD=0.6320 | FAR=0.1584 | HSS=0.6642
  [Metrics @133] CSI=0.2125 | POD=0.2287 | FAR=0.2503 | HSS=0.3276
------------------------------------------------------------
  [Epoch 4] Step 20/228 | Total: 1.4494 | KL: 0.6158 | CE: 1.6672
  [Epoch 4] Step 40/228 | Total: 1.5231 | KL: 0.6582 | CE: 1.7298
  [Epoch 4] Step 60/228 | Total: 1.3977 | KL: 0.5828 | CE: 1.6299
  [Epoch 4] Step 80/228 | Total: 1.3551 | KL: 0.5554 | CE: 1.5994
  [Epoch 4] Step 100/228 | Total: 1.4538 | KL: 0.5954 | CE: 1.7169
  [Epoch 4] Step 120/228 | Total: 1.3234 | KL: 0.5272 | CE: 1.5924
  [Epoch 4] Step 140/228 | Total: 1.3989 | KL: 0.5532 | CE: 1.6914
  [Epoch 4] Step 160/228 | Total: 1.3006 | KL: 0.4263 | CE: 1.7486
  [Epoch 4] Step 180/228 | Total: 1.3993 | KL: 0.5708 | CE: 1.6570
  [Epoch 4] Step 200/228 | Total: 1.4787 | KL: 0.6411 | CE: 1.6751
  [Epoch 4] Step 220/228 | Total: 1.3014 | KL: 0.4762 | CE: 1.6503
[Epoch 004/30] Train: 1.3899 (KL:0.5548 CE:1.6701) | Val: 1.1316 | LR: 1.91e-04 | Time: 495.7s
  [Metrics @74] CSI=0.6064 | POD=0.7041 | FAR=0.1863 | HSS=0.6989
  [Metrics @133] CSI=0.2270 | POD=0.2482 | FAR=0.2735 | HSS=0.3458
------------------------------------------------------------
  [Epoch 5] Step 20/228 | Total: 1.3023 | KL: 0.4649 | CE: 1.6748
  [Epoch 5] Step 40/228 | Total: 1.5002 | KL: 0.5886 | CE: 1.8231
  [Epoch 5] Step 60/228 | Total: 1.3045 | KL: 0.5103 | CE: 1.5883
  [Epoch 5] Step 80/228 | Total: 1.3669 | KL: 0.5365 | CE: 1.6608
  [Epoch 5] Step 100/228 | Total: 1.4131 | KL: 0.5152 | CE: 1.7958
  [Epoch 5] Step 120/228 | Total: 1.3136 | KL: 0.4584 | CE: 1.7104
  [Epoch 5] Step 140/228 | Total: 1.3450 | KL: 0.5611 | CE: 1.5677
  [Epoch 5] Step 160/228 | Total: 1.4345 | KL: 0.5811 | CE: 1.7069
  [Epoch 5] Step 180/228 | Total: 1.4466 | KL: 0.5900 | CE: 1.7131
  [Epoch 5] Step 200/228 | Total: 1.5107 | KL: 0.6617 | CE: 1.6980
  [Epoch 5] Step 220/228 | Total: 1.3900 | KL: 0.5866 | CE: 1.6069
[Epoch 005/30] Train: 1.3699 (KL:0.5413 CE:1.6572) | Val: 1.1394 | LR: 1.87e-04 | Time: 495.4s
  [Metrics @74] CSI=0.6176 | POD=0.8338 | FAR=0.2957 | HSS=0.6980
  [Metrics @133] CSI=0.3779 | POD=0.5843 | FAR=0.4832 | HSS=0.5108
------------------------------------------------------------
  [Epoch 6] Step 20/228 | Total: 1.3219 | KL: 0.5326 | CE: 1.5786
  [Epoch 6] Step 40/228 | Total: 1.3925 | KL: 0.5286 | CE: 1.7278
  [Epoch 6] Step 60/228 | Total: 1.4222 | KL: 0.6051 | CE: 1.6341
  [Epoch 6] Step 80/228 | Total: 1.4287 | KL: 0.6380 | CE: 1.5814
  [Epoch 6] Step 100/228 | Total: 1.5010 | KL: 0.6100 | CE: 1.7820
  [Epoch 6] Step 120/228 | Total: 1.3323 | KL: 0.5161 | CE: 1.6326
  [Epoch 6] Step 140/228 | Total: 1.3708 | KL: 0.5546 | CE: 1.6324
  [Epoch 6] Step 160/228 | Total: 1.3666 | KL: 0.5177 | CE: 1.6978
  [Epoch 6] Step 180/228 | Total: 1.3192 | KL: 0.5542 | CE: 1.5301
  [Epoch 6] Step 200/228 | Total: 1.4428 | KL: 0.6121 | CE: 1.6615
  [Epoch 6] Step 220/228 | Total: 1.4541 | KL: 0.6073 | CE: 1.6935
[Epoch 006/30] Train: 1.3776 (KL:0.5468 CE:1.6617) | Val: 1.1216 | LR: 1.81e-04 | Time: 494.7s
  [Metrics @74] CSI=0.6256 | POD=0.7611 | FAR=0.2216 | HSS=0.7127
  [Metrics @133] CSI=0.3236 | POD=0.3982 | FAR=0.3667 | HSS=0.4586
------------------------------------------------------------
  [Epoch 7] Step 20/228 | Total: 1.2670 | KL: 0.4753 | CE: 1.5835
  [Epoch 7] Step 40/228 | Total: 1.4251 | KL: 0.5722 | CE: 1.7057
  [Epoch 7] Step 60/228 | Total: 1.5122 | KL: 0.5845 | CE: 1.8553
  [Epoch 7] Step 80/228 | Total: 1.5101 | KL: 0.5705 | CE: 1.8791
  [Epoch 7] Step 100/228 | Total: 1.3111 | KL: 0.5214 | CE: 1.5794
  [Epoch 7] Step 120/228 | Total: 1.2865 | KL: 0.5082 | CE: 1.5565
  [Epoch 7] Step 140/228 | Total: 1.4649 | KL: 0.5757 | CE: 1.7783
  [Epoch 7] Step 160/228 | Total: 1.1685 | KL: 0.4309 | CE: 1.4752
  [Epoch 7] Step 180/228 | Total: 1.4838 | KL: 0.5745 | CE: 1.8186
  [Epoch 7] Step 200/228 | Total: 1.2844 | KL: 0.4790 | CE: 1.6108
  [Epoch 7] Step 220/228 | Total: 1.4989 | KL: 0.5818 | CE: 1.8342
[Epoch 007/30] Train: 1.3559 (KL:0.5295 CE:1.6528) | Val: 1.0869 | LR: 1.75e-04 | Time: 496.3s
  [Metrics @74] CSI=0.6159 | POD=0.7233 | FAR=0.1943 | HSS=0.7067
  [Metrics @133] CSI=0.3180 | POD=0.3786 | FAR=0.3348 | HSS=0.4537
------------------------------------------------------------
  [Epoch 8] Step 20/228 | Total: 1.3994 | KL: 0.5876 | CE: 1.6236
  [Epoch 8] Step 40/228 | Total: 1.4668 | KL: 0.6153 | CE: 1.7031
  [Epoch 8] Step 60/228 | Total: 1.3374 | KL: 0.4882 | CE: 1.6984
  [Epoch 8] Step 80/228 | Total: 1.4415 | KL: 0.6110 | CE: 1.6609
  [Epoch 8] Step 100/228 | Total: 1.4151 | KL: 0.5894 | CE: 1.6515
  [Epoch 8] Step 120/228 | Total: 1.1574 | KL: 0.4477 | CE: 1.4194
  [Epoch 8] Step 140/228 | Total: 1.4177 | KL: 0.5916 | CE: 1.6522
  [Epoch 8] Step 160/228 | Total: 1.3795 | KL: 0.5511 | CE: 1.6567
  [Epoch 8] Step 180/228 | Total: 1.3433 | KL: 0.5391 | CE: 1.6083
  [Epoch 8] Step 200/228 | Total: 1.3069 | KL: 0.5720 | CE: 1.4699
  [Epoch 8] Step 220/228 | Total: 1.3405 | KL: 0.5473 | CE: 1.5864
[Epoch 008/30] Train: 1.3713 (KL:0.5512 CE:1.6401) | Val: 1.0604 | LR: 1.67e-04 | Time: 495.5s
  [Metrics @74] CSI=0.5895 | POD=0.6634 | FAR=0.1588 | HSS=0.6863
  [Metrics @133] CSI=0.3415 | POD=0.4155 | FAR=0.3428 | HSS=0.4798
------------------------------------------------------------
  [Epoch 9] Step 20/228 | Total: 1.3454 | KL: 0.5507 | CE: 1.5895
  [Epoch 9] Step 40/228 | Total: 1.3834 | KL: 0.5824 | CE: 1.6019
  [Epoch 9] Step 60/228 | Total: 1.2768 | KL: 0.5697 | CE: 1.4142
  [Epoch 9] Step 80/228 | Total: 1.2874 | KL: 0.5765 | CE: 1.4218
  [Epoch 9] Step 100/228 | Total: 1.3783 | KL: 0.4950 | CE: 1.7666
  [Epoch 9] Step 120/228 | Total: 1.2940 | KL: 0.4919 | CE: 1.6041
  [Epoch 9] Step 140/228 | Total: 1.3078 | KL: 0.5280 | CE: 1.5596
  [Epoch 9] Step 160/228 | Total: 1.3466 | KL: 0.5527 | CE: 1.5878
  [Epoch 9] Step 180/228 | Total: 1.2135 | KL: 0.4781 | CE: 1.4709
  [Epoch 9] Step 200/228 | Total: 1.2939 | KL: 0.5305 | CE: 1.5269
  [Epoch 9] Step 220/228 | Total: 1.4285 | KL: 0.5433 | CE: 1.7703
[Epoch 009/30] Train: 1.3722 (KL:0.5548 CE:1.6348) | Val: 1.1226 | LR: 1.59e-04 | Time: 495.1s
  [Metrics @74] CSI=0.6177 | POD=0.7327 | FAR=0.2026 | HSS=0.7075
  [Metrics @133] CSI=0.3273 | POD=0.3928 | FAR=0.3373 | HSS=0.4642
------------------------------------------------------------
  [Epoch 10] Step 20/228 | Total: 1.4492 | KL: 0.5882 | CE: 1.7219
  [Epoch 10] Step 40/228 | Total: 1.3391 | KL: 0.5292 | CE: 1.6199
  [Epoch 10] Step 60/228 | Total: 1.3992 | KL: 0.5526 | CE: 1.6932
  [Epoch 10] Step 80/228 | Total: 1.5053 | KL: 0.6428 | CE: 1.7251
  [Epoch 10] Step 100/228 | Total: 1.4217 | KL: 0.6151 | CE: 1.6131
  [Epoch 10] Step 120/228 | Total: 1.3309 | KL: 0.5647 | CE: 1.5324
  [Epoch 10] Step 140/228 | Total: 1.4057 | KL: 0.5589 | CE: 1.6935
  [Epoch 10] Step 160/228 | Total: 1.4335 | KL: 0.6043 | CE: 1.6584
  [Epoch 10] Step 180/228 | Total: 1.3954 | KL: 0.5988 | CE: 1.5933
  [Epoch 10] Step 200/228 | Total: 1.2635 | KL: 0.4691 | CE: 1.5888
  [Epoch 10] Step 220/228 | Total: 1.2447 | KL: 0.4619 | CE: 1.5656
[Epoch 010/30] Train: 1.3694 (KL:0.5487 CE:1.6416) | Val: 1.1044 | LR: 1.50e-04 | Time: 495.0s
  [Metrics @74] CSI=0.6236 | POD=0.7532 | FAR=0.2163 | HSS=0.7115
  [Metrics @133] CSI=0.3045 | POD=0.3547 | FAR=0.3170 | HSS=0.4390
------------------------------------------------------------
  [Epoch 11] Step 20/228 | Total: 1.2718 | KL: 0.4585 | CE: 1.6266
  [Epoch 11] Step 40/228 | Total: 1.5614 | KL: 0.6406 | CE: 1.8415
  [Epoch 11] Step 60/228 | Total: 1.3324 | KL: 0.5067 | CE: 1.6514
  [Epoch 11] Step 80/228 | Total: 1.4130 | KL: 0.5692 | CE: 1.6877
  [Epoch 11] Step 100/228 | Total: 1.2731 | KL: 0.5265 | CE: 1.4932
  [Epoch 11] Step 120/228 | Total: 1.4283 | KL: 0.6040 | CE: 1.6484
  [Epoch 11] Step 140/228 | Total: 1.4205 | KL: 0.5945 | CE: 1.6519
  [Epoch 11] Step 160/228 | Total: 1.3099 | KL: 0.4617 | CE: 1.6964
  [Epoch 11] Step 180/228 | Total: 1.2838 | KL: 0.5111 | CE: 1.5455
  [Epoch 11] Step 200/228 | Total: 1.3346 | KL: 0.5301 | CE: 1.6090
  [Epoch 11] Step 220/228 | Total: 1.2877 | KL: 0.5380 | CE: 1.4994
[Epoch 011/30] Train: 1.3757 (KL:0.5645 CE:1.6223) | Val: 1.0821 | LR: 1.41e-04 | Time: 495.3s
  [Metrics @74] CSI=0.6056 | POD=0.6916 | FAR=0.1703 | HSS=0.6996
  [Metrics @133] CSI=0.2732 | POD=0.3023 | FAR=0.2606 | HSS=0.4040
------------------------------------------------------------
  [Epoch 12] Step 20/228 | Total: 1.4311 | KL: 0.6134 | CE: 1.6354
  [Epoch 12] Step 40/228 | Total: 1.3284 | KL: 0.4983 | CE: 1.6602
  [Epoch 12] Step 60/228 | Total: 1.4452 | KL: 0.5799 | CE: 1.7306
  [Epoch 12] Step 80/228 | Total: 1.3308 | KL: 0.5196 | CE: 1.6225
  [Epoch 12] Step 100/228 | Total: 1.3732 | KL: 0.5840 | CE: 1.5784
  [Epoch 12] Step 120/228 | Total: 1.4585 | KL: 0.6195 | CE: 1.6780
  [Epoch 12] Step 140/228 | Total: 1.2777 | KL: 0.5513 | CE: 1.4530
  [Epoch 12] Step 160/228 | Total: 1.4549 | KL: 0.6004 | CE: 1.7090
  [Epoch 12] Step 180/228 | Total: 1.4252 | KL: 0.6231 | CE: 1.6042
  [Epoch 12] Step 200/228 | Total: 1.3917 | KL: 0.5095 | CE: 1.7644
  [Epoch 12] Step 220/228 | Total: 1.3032 | KL: 0.4788 | CE: 1.6488
[Epoch 012/30] Train: 1.3843 (KL:0.5702 CE:1.6282) | Val: 1.0847 | LR: 1.32e-04 | Time: 495.1s
  [Metrics @74] CSI=0.5922 | POD=0.6666 | FAR=0.1586 | HSS=0.6887
  [Metrics @133] CSI=0.3156 | POD=0.3773 | FAR=0.3413 | HSS=0.4507
------------------------------------------------------------
  [Epoch 13] Step 20/228 | Total: 1.3447 | KL: 0.5343 | CE: 1.6208
  [Epoch 13] Step 40/228 | Total: 1.2753 | KL: 0.5174 | CE: 1.5158
  [Epoch 13] Step 60/228 | Total: 1.3130 | KL: 0.5580 | CE: 1.5101
  [Epoch 13] Step 80/228 | Total: 1.4003 | KL: 0.6184 | CE: 1.5638
  [Epoch 13] Step 100/228 | Total: 1.5706 | KL: 0.7009 | CE: 1.7394
  [Epoch 13] Step 120/228 | Total: 1.3223 | KL: 0.5440 | CE: 1.5565
  [Epoch 13] Step 140/228 | Total: 1.4513 | KL: 0.6134 | CE: 1.6758
  [Epoch 13] Step 160/228 | Total: 1.3977 | KL: 0.6474 | CE: 1.5007
  [Epoch 13] Step 180/228 | Total: 1.3495 | KL: 0.5339 | CE: 1.6313
  [Epoch 13] Step 200/228 | Total: 1.4108 | KL: 0.5918 | CE: 1.6380
  [Epoch 13] Step 220/228 | Total: 1.3900 | KL: 0.5711 | CE: 1.6379
[Epoch 013/30] Train: 1.3844 (KL:0.5751 CE:1.6187) | Val: 1.0552 | LR: 1.22e-04 | Time: 495.0s
  [Metrics @74] CSI=0.6338 | POD=0.8167 | FAR=0.2610 | HSS=0.7161
  [Metrics @133] CSI=0.3507 | POD=0.4414 | FAR=0.3695 | HSS=0.4886
  [Checkpoint] 保存最佳 OPSD 模型，CSI@74: 0.6338
------------------------------------------------------------
  [Epoch 14] Step 20/228 | Total: 1.3241 | KL: 0.5502 | CE: 1.5477
  [Epoch 14] Step 40/228 | Total: 1.1748 | KL: 0.4870 | CE: 1.3757
  [Epoch 14] Step 60/228 | Total: 1.3178 | KL: 0.5104 | CE: 1.6146
  [Epoch 14] Step 80/228 | Total: 1.4146 | KL: 0.5783 | CE: 1.6726
  [Epoch 14] Step 100/228 | Total: 1.4779 | KL: 0.6204 | CE: 1.7149
  [Epoch 14] Step 120/228 | Total: 1.4682 | KL: 0.6140 | CE: 1.7083
  [Epoch 14] Step 140/228 | Total: 1.4323 | KL: 0.6376 | CE: 1.5894
  [Epoch 14] Step 160/228 | Total: 1.3886 | KL: 0.5819 | CE: 1.6135
  [Epoch 14] Step 180/228 | Total: 1.4999 | KL: 0.5982 | CE: 1.8034
  [Epoch 14] Step 200/228 | Total: 1.3624 | KL: 0.5819 | CE: 1.5610
  [Epoch 14] Step 220/228 | Total: 1.3942 | KL: 0.5900 | CE: 1.6084
[Epoch 014/30] Train: 1.3805 (KL:0.5708 CE:1.6194) | Val: 1.0391 | LR: 1.11e-04 | Time: 495.1s
  [Metrics @74] CSI=0.5913 | POD=0.6638 | FAR=0.1559 | HSS=0.6881
  [Metrics @133] CSI=0.2944 | POD=0.3336 | FAR=0.2856 | HSS=0.4284
------------------------------------------------------------
  [Epoch 15] Step 20/228 | Total: 1.2520 | KL: 0.5091 | CE: 1.4856
  [Epoch 15] Step 40/228 | Total: 1.2309 | KL: 0.4975 | CE: 1.4669
  [Epoch 15] Step 60/228 | Total: 1.3951 | KL: 0.6049 | CE: 1.5805
  [Epoch 15] Step 80/228 | Total: 1.5345 | KL: 0.6906 | CE: 1.6879
  [Epoch 15] Step 100/228 | Total: 1.4017 | KL: 0.6053 | CE: 1.5927
  [Epoch 15] Step 120/228 | Total: 1.1942 | KL: 0.5043 | CE: 1.3797
  [Epoch 15] Step 140/228 | Total: 1.3882 | KL: 0.5690 | CE: 1.6384
  [Epoch 15] Step 160/228 | Total: 1.4304 | KL: 0.6244 | CE: 1.6120
  [Epoch 15] Step 180/228 | Total: 1.3982 | KL: 0.5924 | CE: 1.6118
  [Epoch 15] Step 200/228 | Total: 1.2839 | KL: 0.5335 | CE: 1.5008
  [Epoch 15] Step 220/228 | Total: 1.3230 | KL: 0.5861 | CE: 1.4737
[Epoch 015/30] Train: 1.3774 (KL:0.5745 CE:1.6058) | Val: 1.0570 | LR: 1.01e-04 | Time: 495.2s
  [Metrics @74] CSI=0.6204 | POD=0.7262 | FAR=0.1901 | HSS=0.7110
  [Metrics @133] CSI=0.3392 | POD=0.4064 | FAR=0.3277 | HSS=0.4779
------------------------------------------------------------
  [Epoch 16] Step 20/228 | Total: 1.2986 | KL: 0.4965 | CE: 1.6042
  [Epoch 16] Step 40/228 | Total: 1.3850 | KL: 0.5577 | CE: 1.6546
  [Epoch 16] Step 60/228 | Total: 1.4391 | KL: 0.6161 | CE: 1.6460
  [Epoch 16] Step 80/228 | Total: 1.2306 | KL: 0.4866 | CE: 1.4880
  [Epoch 16] Step 100/228 | Total: 1.3803 | KL: 0.5792 | CE: 1.6023
  [Epoch 16] Step 120/228 | Total: 1.4756 | KL: 0.5623 | CE: 1.8265
  [Epoch 16] Step 140/228 | Total: 1.2574 | KL: 0.4869 | CE: 1.5410
  [Epoch 16] Step 160/228 | Total: 1.3414 | KL: 0.5088 | CE: 1.6651
  [Epoch 16] Step 180/228 | Total: 1.3927 | KL: 0.6002 | CE: 1.5851
  [Epoch 16] Step 200/228 | Total: 1.3798 | KL: 0.5829 | CE: 1.5939
  [Epoch 16] Step 220/228 | Total: 1.3925 | KL: 0.5949 | CE: 1.5952
[Epoch 016/30] Train: 1.3833 (KL:0.5801 CE:1.6065) | Val: 1.0653 | LR: 9.07e-05 | Time: 495.7s
  [Metrics @74] CSI=0.6297 | POD=0.7422 | FAR=0.1940 | HSS=0.7187
  [Metrics @133] CSI=0.3101 | POD=0.3554 | FAR=0.2910 | HSS=0.4466
------------------------------------------------------------
  [Epoch 17] Step 20/228 | Total: 1.2247 | KL: 0.5064 | CE: 1.4367
  [Epoch 17] Step 40/228 | Total: 1.3636 | KL: 0.5253 | CE: 1.6766
  [Epoch 17] Step 60/228 | Total: 1.4074 | KL: 0.5838 | CE: 1.6472
  [Epoch 17] Step 80/228 | Total: 1.3063 | KL: 0.4867 | CE: 1.6391
  [Epoch 17] Step 100/228 | Total: 1.4592 | KL: 0.6286 | CE: 1.6611
  [Epoch 17] Step 120/228 | Total: 1.3649 | KL: 0.6035 | CE: 1.5228
  [Epoch 17] Step 140/228 | Total: 1.4042 | KL: 0.5561 | CE: 1.6961
  [Epoch 17] Step 160/228 | Total: 1.3768 | KL: 0.5668 | CE: 1.6200
  [Epoch 17] Step 180/228 | Total: 1.3935 | KL: 0.6031 | CE: 1.5808
  [Epoch 17] Step 200/228 | Total: 1.3428 | KL: 0.5368 | CE: 1.6121
  [Epoch 17] Step 220/228 | Total: 1.3161 | KL: 0.5319 | CE: 1.5683
[Epoch 017/30] Train: 1.3810 (KL:0.5726 CE:1.6167) | Val: 1.0338 | LR: 8.04e-05 | Time: 495.1s
  [Metrics @74] CSI=0.6221 | POD=0.7257 | FAR=0.1866 | HSS=0.7128
  [Metrics @133] CSI=0.2507 | POD=0.2730 | FAR=0.2453 | HSS=0.3769
------------------------------------------------------------
  [Epoch 18] Step 20/228 | Total: 1.5119 | KL: 0.6566 | CE: 1.7107
  [Epoch 18] Step 40/228 | Total: 1.3699 | KL: 0.5836 | CE: 1.5727
  [Epoch 18] Step 60/228 | Total: 1.2911 | KL: 0.5202 | CE: 1.5418
  [Epoch 18] Step 80/228 | Total: 1.3779 | KL: 0.5541 | CE: 1.6475
  [Epoch 18] Step 100/228 | Total: 1.3975 | KL: 0.5644 | CE: 1.6662
  [Epoch 18] Step 120/228 | Total: 1.4259 | KL: 0.5766 | CE: 1.6986
  [Epoch 18] Step 140/228 | Total: 1.4976 | KL: 0.6662 | CE: 1.6629
  [Epoch 18] Step 160/228 | Total: 1.4068 | KL: 0.5872 | CE: 1.6392
  [Epoch 18] Step 180/228 | Total: 1.4181 | KL: 0.5520 | CE: 1.7320
  [Epoch 18] Step 200/228 | Total: 1.4713 | KL: 0.6245 | CE: 1.6936
  [Epoch 18] Step 220/228 | Total: 1.3317 | KL: 0.5786 | CE: 1.5062
[Epoch 018/30] Train: 1.3839 (KL:0.5852 CE:1.5975) | Val: 1.0564 | LR: 7.04e-05 | Time: 494.7s
  [Metrics @74] CSI=0.6261 | POD=0.7395 | FAR=0.1967 | HSS=0.7154
  [Metrics @133] CSI=0.3226 | POD=0.3763 | FAR=0.3068 | HSS=0.4602
------------------------------------------------------------
  [Epoch 19] Step 20/228 | Total: 1.3885 | KL: 0.6012 | CE: 1.5747
  [Epoch 19] Step 40/228 | Total: 1.4667 | KL: 0.5337 | CE: 1.8660
  [Epoch 19] Step 60/228 | Total: 1.3389 | KL: 0.5564 | CE: 1.5649
  [Epoch 19] Step 80/228 | Total: 1.4023 | KL: 0.5921 | CE: 1.6204
  [Epoch 19] Step 100/228 | Total: 1.4002 | KL: 0.5851 | CE: 1.6301
  [Epoch 19] Step 120/228 | Total: 1.3809 | KL: 0.5306 | CE: 1.7006
  [Epoch 19] Step 140/228 | Total: 1.4574 | KL: 0.6158 | CE: 1.6831
  [Epoch 19] Step 160/228 | Total: 1.3300 | KL: 0.5408 | CE: 1.5783
  [Epoch 19] Step 180/228 | Total: 1.3461 | KL: 0.5536 | CE: 1.5850
  [Epoch 19] Step 200/228 | Total: 1.3439 | KL: 0.5898 | CE: 1.5082
  [Epoch 19] Step 220/228 | Total: 1.3362 | KL: 0.5495 | CE: 1.5734
[Epoch 019/30] Train: 1.3837 (KL:0.5842 CE:1.5990) | Val: 1.0519 | LR: 6.07e-05 | Time: 497.3s
  [Metrics @74] CSI=0.5658 | POD=0.6208 | FAR=0.1354 | HSS=0.6669
  [Metrics @133] CSI=0.2305 | POD=0.2468 | FAR=0.2231 | HSS=0.3519
------------------------------------------------------------
  [Epoch 20] Step 20/228 | Total: 1.4063 | KL: 0.6134 | CE: 1.5858
  [Epoch 20] Step 40/228 | Total: 1.5584 | KL: 0.6989 | CE: 1.7189
  [Epoch 20] Step 60/228 | Total: 1.4675 | KL: 0.6475 | CE: 1.6401
  [Epoch 20] Step 80/228 | Total: 1.3279 | KL: 0.5718 | CE: 1.5122
  [Epoch 20] Step 100/228 | Total: 1.3915 | KL: 0.6085 | CE: 1.5661
  [Epoch 20] Step 120/228 | Total: 1.3458 | KL: 0.5552 | CE: 1.5813
  [Epoch 20] Step 140/228 | Total: 1.5345 | KL: 0.6917 | CE: 1.6857
  [Epoch 20] Step 160/228 | Total: 1.3811 | KL: 0.5451 | CE: 1.6719
  [Epoch 20] Step 180/228 | Total: 1.4015 | KL: 0.5777 | CE: 1.6475
  [Epoch 20] Step 200/228 | Total: 1.3032 | KL: 0.5790 | CE: 1.4484
  [Epoch 20] Step 220/228 | Total: 1.4610 | KL: 0.6324 | CE: 1.6573
[Epoch 020/30] Train: 1.3901 (KL:0.5921 CE:1.5959) | Val: 1.0445 | LR: 5.15e-05 | Time: 497.7s
  [Metrics @74] CSI=0.6249 | POD=0.7284 | FAR=0.1852 | HSS=0.7153
  [Metrics @133] CSI=0.3305 | POD=0.3846 | FAR=0.2986 | HSS=0.4695
------------------------------------------------------------
  [Epoch 21] Step 20/228 | Total: 1.3529 | KL: 0.6189 | CE: 1.4679
  [Epoch 21] Step 40/228 | Total: 1.4424 | KL: 0.6209 | CE: 1.6428
  [Epoch 21] Step 60/228 | Total: 1.3870 | KL: 0.5960 | CE: 1.5819
  [Epoch 21] Step 80/228 | Total: 1.6017 | KL: 0.7436 | CE: 1.7161
  [Epoch 21] Step 100/228 | Total: 1.4111 | KL: 0.6102 | CE: 1.6019
  [Epoch 21] Step 120/228 | Total: 1.3883 | KL: 0.5674 | CE: 1.6419
  [Epoch 21] Step 140/228 | Total: 1.3818 | KL: 0.5944 | CE: 1.5747
  [Epoch 21] Step 160/228 | Total: 1.4022 | KL: 0.6000 | CE: 1.6044
  [Epoch 21] Step 180/228 | Total: 1.4443 | KL: 0.6243 | CE: 1.6399
  [Epoch 21] Step 200/228 | Total: 1.3868 | KL: 0.6189 | CE: 1.5358
  [Epoch 21] Step 220/228 | Total: 1.3562 | KL: 0.5994 | CE: 1.5134
[Epoch 021/30] Train: 1.3909 (KL:0.5987 CE:1.5843) | Val: 1.0707 | LR: 4.28e-05 | Time: 495.6s
  [Metrics @74] CSI=0.6265 | POD=0.7293 | FAR=0.1837 | HSS=0.7168
  [Metrics @133] CSI=0.3089 | POD=0.3511 | FAR=0.2801 | HSS=0.4456
------------------------------------------------------------
  [Epoch 22] Step 20/228 | Total: 1.4521 | KL: 0.6114 | CE: 1.6815
  [Epoch 22] Step 40/228 | Total: 1.3780 | KL: 0.5872 | CE: 1.5817
  [Epoch 22] Step 60/228 | Total: 1.4125 | KL: 0.6214 | CE: 1.5823
  [Epoch 22] Step 80/228 | Total: 1.3935 | KL: 0.6365 | CE: 1.5139
  [Epoch 22] Step 100/228 | Total: 1.2594 | KL: 0.5038 | CE: 1.5110
  [Epoch 22] Step 120/228 | Total: 1.3209 | KL: 0.5821 | CE: 1.4775
  [Epoch 22] Step 140/228 | Total: 1.4132 | KL: 0.5939 | CE: 1.6386
  [Epoch 22] Step 160/228 | Total: 1.4408 | KL: 0.6205 | CE: 1.6404
  [Epoch 22] Step 180/228 | Total: 1.4717 | KL: 0.6326 | CE: 1.6783
  [Epoch 22] Step 200/228 | Total: 1.3260 | KL: 0.5903 | CE: 1.4715
  [Epoch 22] Step 220/228 | Total: 1.3435 | KL: 0.5578 | CE: 1.5714
[Epoch 022/30] Train: 1.3968 (KL:0.6047 CE:1.5841) | Val: 1.0582 | LR: 3.48e-05 | Time: 495.6s
  [Metrics @74] CSI=0.6394 | POD=0.7863 | FAR=0.2261 | HSS=0.7243
  [Metrics @133] CSI=0.3755 | POD=0.4779 | FAR=0.3634 | HSS=0.5158
  [Checkpoint] 保存最佳 OPSD 模型，CSI@74: 0.6394
------------------------------------------------------------
  [Epoch 23] Step 20/228 | Total: 1.3504 | KL: 0.5757 | CE: 1.5494
  [Epoch 23] Step 40/228 | Total: 1.4047 | KL: 0.6374 | CE: 1.5346
  [Epoch 23] Step 60/228 | Total: 1.3529 | KL: 0.6116 | CE: 1.4825
  [Epoch 23] Step 80/228 | Total: 1.3811 | KL: 0.5834 | CE: 1.5954
  [Epoch 23] Step 100/228 | Total: 1.3510 | KL: 0.5697 | CE: 1.5626
  [Epoch 23] Step 120/228 | Total: 1.4390 | KL: 0.5723 | CE: 1.7334
  [Epoch 23] Step 140/228 | Total: 1.3059 | KL: 0.5597 | CE: 1.4925
  [Epoch 23] Step 160/228 | Total: 1.2987 | KL: 0.5571 | CE: 1.4831
  [Epoch 23] Step 180/228 | Total: 1.4754 | KL: 0.6695 | CE: 1.6117
  [Epoch 23] Step 200/228 | Total: 1.4667 | KL: 0.6376 | CE: 1.6582
  [Epoch 23] Step 220/228 | Total: 1.4468 | KL: 0.6483 | CE: 1.5970
[Epoch 023/30] Train: 1.3968 (KL:0.6074 CE:1.5787) | Val: 1.0483 | LR: 2.74e-05 | Time: 495.8s
  [Metrics @74] CSI=0.6042 | POD=0.6824 | FAR=0.1593 | HSS=0.6993
  [Metrics @133] CSI=0.2836 | POD=0.3146 | FAR=0.2576 | HSS=0.4167
------------------------------------------------------------
  [Epoch 24] Step 20/228 | Total: 1.3405 | KL: 0.5725 | CE: 1.5360
  [Epoch 24] Step 40/228 | Total: 1.4842 | KL: 0.6040 | CE: 1.7604
  [Epoch 24] Step 60/228 | Total: 1.3338 | KL: 0.5614 | CE: 1.5448
  [Epoch 24] Step 80/228 | Total: 1.3404 | KL: 0.5912 | CE: 1.4983
  [Epoch 24] Step 100/228 | Total: 1.4994 | KL: 0.6550 | CE: 1.6888
  [Epoch 24] Step 120/228 | Total: 1.2909 | KL: 0.5943 | CE: 1.3932
  [Epoch 24] Step 140/228 | Total: 1.4910 | KL: 0.6484 | CE: 1.6852
  [Epoch 24] Step 160/228 | Total: 1.4291 | KL: 0.5909 | CE: 1.6764
  [Epoch 24] Step 180/228 | Total: 1.3405 | KL: 0.5634 | CE: 1.5543
  [Epoch 24] Step 200/228 | Total: 1.4343 | KL: 0.6359 | CE: 1.5968
  [Epoch 24] Step 220/228 | Total: 1.4205 | KL: 0.6369 | CE: 1.5671
[Epoch 024/30] Train: 1.3850 (KL:0.5971 CE:1.5757) | Val: 1.0492 | LR: 2.09e-05 | Time: 495.5s
  [Metrics @74] CSI=0.6315 | POD=0.7439 | FAR=0.1931 | HSS=0.7204
  [Metrics @133] CSI=0.3516 | POD=0.4201 | FAR=0.3168 | HSS=0.4921
------------------------------------------------------------
  [Epoch 25] Step 20/228 | Total: 1.4808 | KL: 0.6503 | CE: 1.6611
  [Epoch 25] Step 40/228 | Total: 1.4099 | KL: 0.6044 | CE: 1.6110
  [Epoch 25] Step 60/228 | Total: 1.4002 | KL: 0.6101 | CE: 1.5803
  [Epoch 25] Step 80/228 | Total: 1.4341 | KL: 0.6407 | CE: 1.5868
  [Epoch 25] Step 100/228 | Total: 1.4198 | KL: 0.6285 | CE: 1.5826
  [Epoch 25] Step 120/228 | Total: 1.2809 | KL: 0.5613 | CE: 1.4393
  [Epoch 25] Step 140/228 | Total: 1.2784 | KL: 0.5569 | CE: 1.4430
  [Epoch 25] Step 160/228 | Total: 1.2660 | KL: 0.5426 | CE: 1.4468
  [Epoch 25] Step 180/228 | Total: 1.4277 | KL: 0.6390 | CE: 1.5773
  [Epoch 25] Step 200/228 | Total: 1.4278 | KL: 0.6627 | CE: 1.5301
  [Epoch 25] Step 220/228 | Total: 1.4295 | KL: 0.6248 | CE: 1.6094
[Epoch 025/30] Train: 1.3993 (KL:0.6129 CE:1.5728) | Val: 1.0541 | LR: 1.53e-05 | Time: 495.4s
  [Metrics @74] CSI=0.6411 | POD=0.7689 | FAR=0.2059 | HSS=0.7275
  [Metrics @133] CSI=0.3733 | POD=0.4644 | FAR=0.3444 | HSS=0.5144
  [Checkpoint] 保存最佳 OPSD 模型，CSI@74: 0.6411
------------------------------------------------------------
  [Epoch 26] Step 20/228 | Total: 1.3432 | KL: 0.5841 | CE: 1.5180
  [Epoch 26] Step 40/228 | Total: 1.4399 | KL: 0.6132 | CE: 1.6533
  [Epoch 26] Step 60/228 | Total: 1.3922 | KL: 0.6178 | CE: 1.5488
  [Epoch 26] Step 80/228 | Total: 1.3984 | KL: 0.6455 | CE: 1.5059
  [Epoch 26] Step 100/228 | Total: 1.2850 | KL: 0.5289 | CE: 1.5123
  [Epoch 26] Step 120/228 | Total: 1.4551 | KL: 0.6640 | CE: 1.5820
  [Epoch 26] Step 140/228 | Total: 1.3699 | KL: 0.5916 | CE: 1.5566
  [Epoch 26] Step 160/228 | Total: 1.2969 | KL: 0.5441 | CE: 1.5058
  [Epoch 26] Step 180/228 | Total: 1.3322 | KL: 0.5761 | CE: 1.5122
  [Epoch 26] Step 200/228 | Total: 1.5171 | KL: 0.6707 | CE: 1.6928
  [Epoch 26] Step 220/228 | Total: 1.2725 | KL: 0.5530 | CE: 1.4388
[Epoch 026/30] Train: 1.3945 (KL:0.6083 CE:1.5724) | Val: 1.0464 | LR: 1.06e-05 | Time: 495.7s
  [Metrics @74] CSI=0.6340 | POD=0.7461 | FAR=0.1916 | HSS=0.7227
  [Metrics @133] CSI=0.3495 | POD=0.4149 | FAR=0.3110 | HSS=0.4901
------------------------------------------------------------
  [Epoch 27] Step 20/228 | Total: 1.4060 | KL: 0.5942 | CE: 1.6236
  [Epoch 27] Step 40/228 | Total: 1.4332 | KL: 0.6444 | CE: 1.5775
  [Epoch 27] Step 60/228 | Total: 1.4222 | KL: 0.6255 | CE: 1.5934
  [Epoch 27] Step 80/228 | Total: 1.4507 | KL: 0.6588 | CE: 1.5836
  [Epoch 27] Step 100/228 | Total: 1.4690 | KL: 0.6446 | CE: 1.6488
  [Epoch 27] Step 120/228 | Total: 1.3660 | KL: 0.6160 | CE: 1.5000
  [Epoch 27] Step 140/228 | Total: 1.3485 | KL: 0.5766 | CE: 1.5437
  [Epoch 27] Step 160/228 | Total: 1.5593 | KL: 0.7329 | CE: 1.6528
  [Epoch 27] Step 180/228 | Total: 1.4376 | KL: 0.6183 | CE: 1.6385
  [Epoch 27] Step 200/228 | Total: 1.3934 | KL: 0.6197 | CE: 1.5472
  [Epoch 27] Step 220/228 | Total: 1.4020 | KL: 0.5954 | CE: 1.6133
[Epoch 027/30] Train: 1.3971 (KL:0.6122 CE:1.5697) | Val: 1.0444 | LR: 6.85e-06 | Time: 495.7s
  [Metrics @74] CSI=0.6359 | POD=0.7514 | FAR=0.1946 | HSS=0.7241
  [Metrics @133] CSI=0.3475 | POD=0.4129 | FAR=0.3132 | HSS=0.4878
------------------------------------------------------------
  [Epoch 28] Step 20/228 | Total: 1.3968 | KL: 0.6214 | CE: 1.5507
  [Epoch 28] Step 40/228 | Total: 1.5125 | KL: 0.6745 | CE: 1.6759
  [Epoch 28] Step 60/228 | Total: 1.4662 | KL: 0.6567 | CE: 1.6191
  [Epoch 28] Step 80/228 | Total: 1.4290 | KL: 0.6132 | CE: 1.6317
  [Epoch 28] Step 100/228 | Total: 1.2834 | KL: 0.5412 | CE: 1.4844
  [Epoch 28] Step 120/228 | Total: 1.4966 | KL: 0.6535 | CE: 1.6862
  [Epoch 28] Step 140/228 | Total: 1.4600 | KL: 0.6549 | CE: 1.6102
  [Epoch 28] Step 160/228 | Total: 1.4463 | KL: 0.6392 | CE: 1.6142
  [Epoch 28] Step 180/228 | Total: 1.4404 | KL: 0.6459 | CE: 1.5891
  [Epoch 28] Step 200/228 | Total: 1.3135 | KL: 0.5710 | CE: 1.4850
  [Epoch 28] Step 220/228 | Total: 1.3464 | KL: 0.5563 | CE: 1.5803
[Epoch 028/30] Train: 1.3964 (KL:0.6107 CE:1.5713) | Val: 1.0476 | LR: 4.16e-06 | Time: 494.9s
  [Metrics @74] CSI=0.6382 | POD=0.7551 | FAR=0.1952 | HSS=0.7260
  [Metrics @133] CSI=0.3648 | POD=0.4428 | FAR=0.3254 | HSS=0.5062
------------------------------------------------------------
  [Epoch 29] Step 20/228 | Total: 1.3931 | KL: 0.6108 | CE: 1.5645
  [Epoch 29] Step 40/228 | Total: 1.4380 | KL: 0.6349 | CE: 1.6062
  [Epoch 29] Step 60/228 | Total: 1.4035 | KL: 0.6333 | CE: 1.5404
  [Epoch 29] Step 80/228 | Total: 1.4788 | KL: 0.6516 | CE: 1.6546
  [Epoch 29] Step 100/228 | Total: 1.3658 | KL: 0.6128 | CE: 1.5061
  [Epoch 29] Step 120/228 | Total: 1.2751 | KL: 0.5512 | CE: 1.4478
  [Epoch 29] Step 140/228 | Total: 1.4213 | KL: 0.6280 | CE: 1.5866
  [Epoch 29] Step 160/228 | Total: 1.3307 | KL: 0.5818 | CE: 1.4978
  [Epoch 29] Step 180/228 | Total: 1.4367 | KL: 0.6161 | CE: 1.6411
  [Epoch 29] Step 200/228 | Total: 1.4101 | KL: 0.5897 | CE: 1.6409
  [Epoch 29] Step 220/228 | Total: 1.2043 | KL: 0.5210 | CE: 1.3666
[Epoch 029/30] Train: 1.3968 (KL:0.6129 CE:1.5678) | Val: 1.0405 | LR: 2.54e-06 | Time: 495.2s
  [Metrics @74] CSI=0.6396 | POD=0.7610 | FAR=0.1996 | HSS=0.7268
  [Metrics @133] CSI=0.3659 | POD=0.4447 | FAR=0.3265 | HSS=0.5072
------------------------------------------------------------
  [Epoch 30] Step 20/228 | Total: 1.2809 | KL: 0.5623 | CE: 1.4374
  [Epoch 30] Step 40/228 | Total: 1.3319 | KL: 0.5854 | CE: 1.4930
  [Epoch 30] Step 60/228 | Total: 1.3648 | KL: 0.5842 | CE: 1.5611
  [Epoch 30] Step 80/228 | Total: 1.3976 | KL: 0.6147 | CE: 1.5659
  [Epoch 30] Step 100/228 | Total: 1.4011 | KL: 0.5908 | CE: 1.6206
  [Epoch 30] Step 120/228 | Total: 1.3500 | KL: 0.5863 | CE: 1.5274
  [Epoch 30] Step 140/228 | Total: 1.4484 | KL: 0.6321 | CE: 1.6327
  [Epoch 30] Step 160/228 | Total: 1.4607 | KL: 0.6463 | CE: 1.6288
  [Epoch 30] Step 180/228 | Total: 1.4477 | KL: 0.6311 | CE: 1.6332
  [Epoch 30] Step 200/228 | Total: 1.3285 | KL: 0.5694 | CE: 1.5182
  [Epoch 30] Step 220/228 | Total: 1.3247 | KL: 0.5703 | CE: 1.5090
[Epoch 030/30] Train: 1.3965 (KL:0.6124 CE:1.5682) | Val: 1.0403 | LR: 2.00e-06 | Time: 495.1s
  [Metrics @74] CSI=0.6372 | POD=0.7539 | FAR=0.1954 | HSS=0.7251
  [Metrics @133] CSI=0.3538 | POD=0.4221 | FAR=0.3137 | HSS=0.4947
------------------------------------------------------------

[Done] OPSD 训练完成！最佳 CSI@74: 0.6411
       最佳模型已保存至：checkpoints_mamba/opsd/best.pth
[Device] cuda  |  [Mode] OPSD+RW  |  [T] 2.0
[RW] CSI 奖励阈值: 74
[Data] 正在加载 SEVIR VIL 数据集...
[SEVIRVILDataset] 发现 14 个 h5 文件
  train_years=[2017, 2018] -> 9 个文件
  test_years=[2019]  -> 5 个文件
[SEVIRVILDataset] split=train, 使用样本数=10964, 来源文件事件总数=12182
[SEVIRVILDataset] 发现 14 个 h5 文件
  train_years=[2017, 2018] -> 9 个文件
  test_years=[2019]  -> 5 个文件
[SEVIRVILDataset] split=val, 使用样本数=1218, 来源文件事件总数=12182
[SEVIRVILDataset] 发现 14 个 h5 文件
  train_years=[2017, 2018] -> 9 个文件
  test_years=[2019]  -> 5 个文件
[SEVIRVILDataset] split=test, 使用样本数=8211, 来源文件事件总数=8211
[Model] 正在构建 SimVP 模型...
[Model] 可训练参数量：3.14M
/root/autodl-tmp/simvp-test/train_opsd.py:384: FutureWarning: `torch.cuda.amp.GradScaler(args...)` is deprecated. Please use `torch.amp.GradScaler('cuda', args...)` instead.
  scaler = GradScaler()
[Pretrained] 从 Baseline 权重热启动：checkpoints_mamba/baseline/best.pth
  Baseline 最佳 Val Loss: 1.0623

[Train] OPSD+RW 训练，共 30 Epoch  →  checkpoints_mamba/opsd_rw
        KL 权重: 1.0 | CE 权重: 0.5
============================================================
  [Epoch 1] Step 20/228 | Total: 1.7260 | KL: 0.6595 | CE: 2.1331 | CSI@74: 0.3025
  [Epoch 1] Step 40/228 | Total: 1.3151 | KL: 0.4426 | CE: 1.7449 | CSI@74: 0.2655
  [Epoch 1] Step 60/228 | Total: 1.1324 | KL: 0.3979 | CE: 1.4691 | CSI@74: 0.2647
  [Epoch 1] Step 80/228 | Total: 1.3213 | KL: 0.4662 | CE: 1.7102 | CSI@74: 0.2724
  [Epoch 1] Step 100/228 | Total: 1.3000 | KL: 0.4451 | CE: 1.7098 | CSI@74: 0.2801
  [Epoch 1] Step 120/228 | Total: 1.2321 | KL: 0.3753 | CE: 1.7135 | CSI@74: 0.2843
  [Epoch 1] Step 140/228 | Total: 1.3938 | KL: 0.4841 | CE: 1.8194 | CSI@74: 0.2858
  [Epoch 1] Step 160/228 | Total: 1.3450 | KL: 0.5605 | CE: 1.5689 | CSI@74: 0.2866
  [Epoch 1] Step 180/228 | Total: 1.3824 | KL: 0.5031 | CE: 1.7586 | CSI@74: 0.2868
  [Epoch 1] Step 200/228 | Total: 1.2588 | KL: 0.3976 | CE: 1.7222 | CSI@74: 0.2883
  [Epoch 1] Step 220/228 | Total: 1.3114 | KL: 0.4957 | CE: 1.6313 | CSI@74: 0.2880
[Epoch 001/30] Train: 1.3245 (KL:0.4665 CE:1.7161) | Reward: 0.2891 | Val: 1.0631 | LR: 1.99e-04 | Time: 502.8s
  [Metrics @74] CSI=0.5363 | POD=0.5871 | FAR=0.1390 | HSS=0.6396
  [Metrics @133] CSI=0.2331 | POD=0.2549 | FAR=0.2685 | HSS=0.3537
  [Checkpoint] 保存最佳 OPSD+RW 模型，CSI@74: 0.5363
------------------------------------------------------------
  [Epoch 2] Step 20/228 | Total: 1.1446 | KL: 0.4340 | CE: 1.4211 | CSI@74: 0.3079
  [Epoch 2] Step 40/228 | Total: 1.3611 | KL: 0.4705 | CE: 1.7811 | CSI@74: 0.2999
  [Epoch 2] Step 60/228 | Total: 1.2283 | KL: 0.3908 | CE: 1.6749 | CSI@74: 0.2975
  [Epoch 2] Step 80/228 | Total: 1.3244 | KL: 0.5463 | CE: 1.5562 | CSI@74: 0.2981
  [Epoch 2] Step 100/228 | Total: 1.3440 | KL: 0.4468 | CE: 1.7943 | CSI@74: 0.3012
  [Epoch 2] Step 120/228 | Total: 1.3181 | KL: 0.4818 | CE: 1.6726 | CSI@74: 0.3031
  [Epoch 2] Step 140/228 | Total: 1.3462 | KL: 0.4694 | CE: 1.7535 | CSI@74: 0.3012
  [Epoch 2] Step 160/228 | Total: 1.3234 | KL: 0.4003 | CE: 1.8463 | CSI@74: 0.2988
  [Epoch 2] Step 180/228 | Total: 1.2434 | KL: 0.3961 | CE: 1.6945 | CSI@74: 0.3021
  [Epoch 2] Step 200/228 | Total: 1.2262 | KL: 0.4191 | CE: 1.6140 | CSI@74: 0.2992
  [Epoch 2] Step 220/228 | Total: 1.2779 | KL: 0.4314 | CE: 1.6929 | CSI@74: 0.2991
[Epoch 002/30] Train: 1.2727 (KL:0.4348 CE:1.6759) | Reward: 0.2986 | Val: 1.0905 | LR: 1.98e-04 | Time: 499.4s
  [Metrics @74] CSI=0.6085 | POD=0.7404 | FAR=0.2264 | HSS=0.6973
  [Metrics @133] CSI=0.2173 | POD=0.2338 | FAR=0.2453 | HSS=0.3342
  [Checkpoint] 保存最佳 OPSD+RW 模型，CSI@74: 0.6085
------------------------------------------------------------
  [Epoch 3] Step 20/228 | Total: 1.2664 | KL: 0.4364 | CE: 1.6600 | CSI@74: 0.3000
  [Epoch 3] Step 40/228 | Total: 1.3473 | KL: 0.5004 | CE: 1.6937 | CSI@74: 0.3137
  [Epoch 3] Step 60/228 | Total: 1.3881 | KL: 0.4605 | CE: 1.8554 | CSI@74: 0.3176
  [Epoch 3] Step 80/228 | Total: 1.1561 | KL: 0.3067 | CE: 1.6988 | CSI@74: 0.3159
  [Epoch 3] Step 100/228 | Total: 1.2609 | KL: 0.4315 | CE: 1.6588 | CSI@74: 0.3152
  [Epoch 3] Step 120/228 | Total: 1.2788 | KL: 0.4199 | CE: 1.7177 | CSI@74: 0.3119
  [Epoch 3] Step 140/228 | Total: 1.3199 | KL: 0.4985 | CE: 1.6427 | CSI@74: 0.3074
  [Epoch 3] Step 160/228 | Total: 1.3726 | KL: 0.4555 | CE: 1.8341 | CSI@74: 0.3094
  [Epoch 3] Step 180/228 | Total: 1.3833 | KL: 0.5057 | CE: 1.7551 | CSI@74: 0.3079
  [Epoch 3] Step 200/228 | Total: 1.0849 | KL: 0.3632 | CE: 1.4435 | CSI@74: 0.3038
  [Epoch 3] Step 220/228 | Total: 1.0991 | KL: 0.3156 | CE: 1.5670 | CSI@74: 0.3049
[Epoch 003/30] Train: 1.2559 (KL:0.4253 CE:1.6614) | Reward: 0.3022 | Val: 1.1201 | LR: 1.95e-04 | Time: 499.9s
  [Metrics @74] CSI=0.6156 | POD=0.7329 | FAR=0.2062 | HSS=0.7054
  [Metrics @133] CSI=0.2920 | POD=0.3400 | FAR=0.3259 | HSS=0.4239
  [Checkpoint] 保存最佳 OPSD+RW 模型，CSI@74: 0.6156
------------------------------------------------------------
  [Epoch 4] Step 20/228 | Total: 1.2156 | KL: 0.4136 | CE: 1.6041 | CSI@74: 0.3316
  [Epoch 4] Step 40/228 | Total: 1.2582 | KL: 0.4261 | CE: 1.6640 | CSI@74: 0.3239
  [Epoch 4] Step 60/228 | Total: 1.2905 | KL: 0.4943 | CE: 1.5924 | CSI@74: 0.3261
  [Epoch 4] Step 80/228 | Total: 1.2051 | KL: 0.4328 | CE: 1.5446 | CSI@74: 0.3231
  [Epoch 4] Step 100/228 | Total: 1.2143 | KL: 0.3554 | CE: 1.7179 | CSI@74: 0.3216
  [Epoch 4] Step 120/228 | Total: 1.1602 | KL: 0.3530 | CE: 1.6143 | CSI@74: 0.3171
  [Epoch 4] Step 140/228 | Total: 1.2649 | KL: 0.4313 | CE: 1.6672 | CSI@74: 0.3175
  [Epoch 4] Step 160/228 | Total: 1.3310 | KL: 0.4685 | CE: 1.7248 | CSI@74: 0.3132
  [Epoch 4] Step 180/228 | Total: 1.3267 | KL: 0.4052 | CE: 1.8431 | CSI@74: 0.3104
  [Epoch 4] Step 200/228 | Total: 1.2850 | KL: 0.4422 | CE: 1.6856 | CSI@74: 0.3081
  [Epoch 4] Step 220/228 | Total: 1.2008 | KL: 0.3900 | CE: 1.6214 | CSI@74: 0.3083
[Epoch 004/30] Train: 1.2586 (KL:0.4351 CE:1.6469) | Reward: 0.3091 | Val: 1.1114 | LR: 1.91e-04 | Time: 499.2s
  [Metrics @74] CSI=0.6178 | POD=0.7324 | FAR=0.2021 | HSS=0.7077
  [Metrics @133] CSI=0.3147 | POD=0.3758 | FAR=0.3408 | HSS=0.4496
  [Checkpoint] 保存最佳 OPSD+RW 模型，CSI@74: 0.6178
------------------------------------------------------------
  [Epoch 5] Step 20/228 | Total: 1.2137 | KL: 0.3909 | CE: 1.6456 | CSI@74: 0.3147
  [Epoch 5] Step 40/228 | Total: 1.3044 | KL: 0.4472 | CE: 1.7145 | CSI@74: 0.3164
  [Epoch 5] Step 60/228 | Total: 1.2492 | KL: 0.4671 | CE: 1.5643 | CSI@74: 0.3156
  [Epoch 5] Step 80/228 | Total: 1.2619 | KL: 0.4365 | CE: 1.6508 | CSI@74: 0.3127
  [Epoch 5] Step 100/228 | Total: 1.2401 | KL: 0.4062 | CE: 1.6679 | CSI@74: 0.3151
  [Epoch 5] Step 120/228 | Total: 1.3566 | KL: 0.4577 | CE: 1.7979 | CSI@74: 0.3123
  [Epoch 5] Step 140/228 | Total: 1.2040 | KL: 0.4268 | CE: 1.5544 | CSI@74: 0.3128
  [Epoch 5] Step 160/228 | Total: 1.2544 | KL: 0.4014 | CE: 1.7060 | CSI@74: 0.3130
  [Epoch 5] Step 180/228 | Total: 1.2841 | KL: 0.4297 | CE: 1.7088 | CSI@74: 0.3119
  [Epoch 5] Step 200/228 | Total: 1.3404 | KL: 0.4873 | CE: 1.7062 | CSI@74: 0.3115
  [Epoch 5] Step 220/228 | Total: 1.2014 | KL: 0.3996 | CE: 1.6037 | CSI@74: 0.3122
[Epoch 005/30] Train: 1.2552 (KL:0.4394 CE:1.6315) | Reward: 0.3135 | Val: 1.0783 | LR: 1.87e-04 | Time: 499.0s
  [Metrics @74] CSI=0.6289 | POD=0.7722 | FAR=0.2279 | HSS=0.7150
  [Metrics @133] CSI=0.3770 | POD=0.5107 | FAR=0.4099 | HSS=0.5148
  [Checkpoint] 保存最佳 OPSD+RW 模型，CSI@74: 0.6289
------------------------------------------------------------
  [Epoch 6] Step 20/228 | Total: 1.1892 | KL: 0.4339 | CE: 1.5106 | CSI@74: 0.3279
  [Epoch 6] Step 40/228 | Total: 1.2471 | KL: 0.4139 | CE: 1.6663 | CSI@74: 0.3214
  [Epoch 6] Step 60/228 | Total: 1.3293 | KL: 0.5202 | CE: 1.6181 | CSI@74: 0.3151
  [Epoch 6] Step 80/228 | Total: 1.2422 | KL: 0.4422 | CE: 1.5999 | CSI@74: 0.3144
  [Epoch 6] Step 100/228 | Total: 1.2936 | KL: 0.4575 | CE: 1.6722 | CSI@74: 0.3137
  [Epoch 6] Step 120/228 | Total: 1.2418 | KL: 0.4085 | CE: 1.6665 | CSI@74: 0.3165
  [Epoch 6] Step 140/228 | Total: 1.2216 | KL: 0.4220 | CE: 1.5992 | CSI@74: 0.3179
  [Epoch 6] Step 160/228 | Total: 1.3037 | KL: 0.4633 | CE: 1.6808 | CSI@74: 0.3191
  [Epoch 6] Step 180/228 | Total: 1.2497 | KL: 0.4937 | CE: 1.5120 | CSI@74: 0.3192
  [Epoch 6] Step 200/228 | Total: 1.2655 | KL: 0.4434 | CE: 1.6441 | CSI@74: 0.3163
  [Epoch 6] Step 220/228 | Total: 1.2784 | KL: 0.4425 | CE: 1.6720 | CSI@74: 0.3155
[Epoch 006/30] Train: 1.2639 (KL:0.4474 CE:1.6330) | Reward: 0.3155 | Val: 1.1154 | LR: 1.81e-04 | Time: 499.2s
  [Metrics @74] CSI=0.6292 | POD=0.7718 | FAR=0.2270 | HSS=0.7154
  [Metrics @133] CSI=0.3309 | POD=0.3995 | FAR=0.3418 | HSS=0.4680
  [Checkpoint] 保存最佳 OPSD+RW 模型，CSI@74: 0.6292
------------------------------------------------------------
  [Epoch 7] Step 20/228 | Total: 1.2936 | KL: 0.4695 | CE: 1.6483 | CSI@74: 0.3110
  [Epoch 7] Step 40/228 | Total: 1.2418 | KL: 0.4020 | CE: 1.6796 | CSI@74: 0.3069
  [Epoch 7] Step 60/228 | Total: 1.3497 | KL: 0.4850 | CE: 1.7294 | CSI@74: 0.3063
  [Epoch 7] Step 80/228 | Total: 1.4154 | KL: 0.4848 | CE: 1.8611 | CSI@74: 0.3113
  [Epoch 7] Step 100/228 | Total: 1.2163 | KL: 0.4328 | CE: 1.5671 | CSI@74: 0.3119
  [Epoch 7] Step 120/228 | Total: 1.2135 | KL: 0.4261 | CE: 1.5747 | CSI@74: 0.3084
  [Epoch 7] Step 140/228 | Total: 1.3029 | KL: 0.4370 | CE: 1.7318 | CSI@74: 0.3113
  [Epoch 7] Step 160/228 | Total: 1.1550 | KL: 0.4455 | CE: 1.4191 | CSI@74: 0.3141
  [Epoch 7] Step 180/228 | Total: 1.4092 | KL: 0.4862 | CE: 1.8461 | CSI@74: 0.3138
  [Epoch 7] Step 200/228 | Total: 1.1536 | KL: 0.3268 | CE: 1.6535 | CSI@74: 0.3104
  [Epoch 7] Step 220/228 | Total: 1.3043 | KL: 0.4160 | CE: 1.7766 | CSI@74: 0.3107
[Epoch 007/30] Train: 1.2494 (KL:0.4296 CE:1.6395) | Reward: 0.3114 | Val: 1.0645 | LR: 1.75e-04 | Time: 499.3s
  [Metrics @74] CSI=0.5639 | POD=0.6216 | FAR=0.1413 | HSS=0.6647
  [Metrics @133] CSI=0.2782 | POD=0.3129 | FAR=0.2853 | HSS=0.4091
------------------------------------------------------------
  [Epoch 8] Step 20/228 | Total: 1.2805 | KL: 0.4851 | CE: 1.5909 | CSI@74: 0.3064
  [Epoch 8] Step 40/228 | Total: 1.2049 | KL: 0.4063 | CE: 1.5973 | CSI@74: 0.3131
  [Epoch 8] Step 60/228 | Total: 1.3190 | KL: 0.5275 | CE: 1.5830 | CSI@74: 0.3124
  [Epoch 8] Step 80/228 | Total: 1.2951 | KL: 0.4885 | CE: 1.6132 | CSI@74: 0.3133
  [Epoch 8] Step 100/228 | Total: 1.2876 | KL: 0.4684 | CE: 1.6384 | CSI@74: 0.3146
  [Epoch 8] Step 120/228 | Total: 1.0663 | KL: 0.3649 | CE: 1.4028 | CSI@74: 0.3155
  [Epoch 8] Step 140/228 | Total: 1.2342 | KL: 0.3962 | CE: 1.6760 | CSI@74: 0.3185
  [Epoch 8] Step 160/228 | Total: 1.2274 | KL: 0.4179 | CE: 1.6191 | CSI@74: 0.3181
  [Epoch 8] Step 180/228 | Total: 1.3062 | KL: 0.5277 | CE: 1.5570 | CSI@74: 0.3163
  [Epoch 8] Step 200/228 | Total: 1.2271 | KL: 0.4906 | CE: 1.4730 | CSI@74: 0.3185
  [Epoch 8] Step 220/228 | Total: 1.1728 | KL: 0.4011 | CE: 1.5433 | CSI@74: 0.3188
[Epoch 008/30] Train: 1.2520 (KL:0.4392 CE:1.6255) | Reward: 0.3175 | Val: 1.0843 | LR: 1.67e-04 | Time: 499.2s
  [Metrics @74] CSI=0.5980 | POD=0.6773 | FAR=0.1637 | HSS=0.6934
  [Metrics @133] CSI=0.3181 | POD=0.3709 | FAR=0.3089 | HSS=0.4550
------------------------------------------------------------
  [Epoch 9] Step 20/228 | Total: 1.1971 | KL: 0.4103 | CE: 1.5736 | CSI@74: 0.3202
  [Epoch 9] Step 40/228 | Total: 1.2162 | KL: 0.4202 | CE: 1.5919 | CSI@74: 0.3184
  [Epoch 9] Step 60/228 | Total: 1.1728 | KL: 0.4664 | CE: 1.4127 | CSI@74: 0.3236
  [Epoch 9] Step 80/228 | Total: 1.2594 | KL: 0.5271 | CE: 1.4646 | CSI@74: 0.3142
  [Epoch 9] Step 100/228 | Total: 1.2680 | KL: 0.4261 | CE: 1.6837 | CSI@74: 0.3165
  [Epoch 9] Step 120/228 | Total: 1.1583 | KL: 0.3662 | CE: 1.5841 | CSI@74: 0.3203
  [Epoch 9] Step 140/228 | Total: 1.2192 | KL: 0.4355 | CE: 1.5674 | CSI@74: 0.3181
  [Epoch 9] Step 160/228 | Total: 1.2505 | KL: 0.4682 | CE: 1.5645 | CSI@74: 0.3169
  [Epoch 9] Step 180/228 | Total: 1.1110 | KL: 0.3850 | CE: 1.4521 | CSI@74: 0.3161
  [Epoch 9] Step 200/228 | Total: 1.1882 | KL: 0.4307 | CE: 1.5150 | CSI@74: 0.3174
  [Epoch 9] Step 220/228 | Total: 1.2743 | KL: 0.4402 | CE: 1.6682 | CSI@74: 0.3191
[Epoch 009/30] Train: 1.2487 (KL:0.4402 CE:1.6170) | Reward: 0.3197 | Val: 1.0443 | LR: 1.59e-04 | Time: 499.1s
  [Metrics @74] CSI=0.6279 | POD=0.7591 | FAR=0.2157 | HSS=0.7153
  [Metrics @133] CSI=0.3455 | POD=0.4270 | FAR=0.3558 | HSS=0.4837
------------------------------------------------------------
  [Epoch 10] Step 20/228 | Total: 1.2940 | KL: 0.4531 | CE: 1.6818 | CSI@74: 0.3037
  [Epoch 10] Step 40/228 | Total: 1.1944 | KL: 0.3981 | CE: 1.5926 | CSI@74: 0.3190
  [Epoch 10] Step 60/228 | Total: 1.2795 | KL: 0.4565 | CE: 1.6461 | CSI@74: 0.3219
  [Epoch 10] Step 80/228 | Total: 1.3226 | KL: 0.4609 | CE: 1.7234 | CSI@74: 0.3255
  [Epoch 10] Step 100/228 | Total: 1.2947 | KL: 0.5008 | CE: 1.5879 | CSI@74: 0.3185
  [Epoch 10] Step 120/228 | Total: 1.2224 | KL: 0.4546 | CE: 1.5357 | CSI@74: 0.3189
  [Epoch 10] Step 140/228 | Total: 1.3308 | KL: 0.4918 | CE: 1.6781 | CSI@74: 0.3155
  [Epoch 10] Step 160/228 | Total: 1.2833 | KL: 0.4603 | CE: 1.6459 | CSI@74: 0.3186
  [Epoch 10] Step 180/228 | Total: 1.2159 | KL: 0.4266 | CE: 1.5786 | CSI@74: 0.3180
  [Epoch 10] Step 200/228 | Total: 1.1284 | KL: 0.3373 | CE: 1.5822 | CSI@74: 0.3180
  [Epoch 10] Step 220/228 | Total: 1.1994 | KL: 0.4304 | CE: 1.5379 | CSI@74: 0.3187
[Epoch 010/30] Train: 1.2491 (KL:0.4407 CE:1.6168) | Reward: 0.3194 | Val: 1.0766 | LR: 1.50e-04 | Time: 499.0s
  [Metrics @74] CSI=0.6305 | POD=0.7747 | FAR=0.2279 | HSS=0.7164
  [Metrics @133] CSI=0.3731 | POD=0.4868 | FAR=0.3850 | HSS=0.5121
  [Checkpoint] 保存最佳 OPSD+RW 模型，CSI@74: 0.6305
------------------------------------------------------------
  [Epoch 11] Step 20/228 | Total: 1.1637 | KL: 0.3517 | CE: 1.6240 | CSI@74: 0.3387
  [Epoch 11] Step 40/228 | Total: 1.3729 | KL: 0.4593 | CE: 1.8271 | CSI@74: 0.3261
  [Epoch 11] Step 60/228 | Total: 1.2104 | KL: 0.3915 | CE: 1.6378 | CSI@74: 0.3305
  [Epoch 11] Step 80/228 | Total: 1.1976 | KL: 0.3447 | CE: 1.7058 | CSI@74: 0.3256
  [Epoch 11] Step 100/228 | Total: 1.1647 | KL: 0.4394 | CE: 1.4507 | CSI@74: 0.3225
  [Epoch 11] Step 120/228 | Total: 1.2945 | KL: 0.4900 | CE: 1.6090 | CSI@74: 0.3255
  [Epoch 11] Step 140/228 | Total: 1.2979 | KL: 0.4898 | CE: 1.6163 | CSI@74: 0.3227
  [Epoch 11] Step 160/228 | Total: 1.2031 | KL: 0.3949 | CE: 1.6164 | CSI@74: 0.3220
  [Epoch 11] Step 180/228 | Total: 1.2373 | KL: 0.4761 | CE: 1.5224 | CSI@74: 0.3216
  [Epoch 11] Step 200/228 | Total: 1.2784 | KL: 0.4505 | CE: 1.6559 | CSI@74: 0.3243
  [Epoch 11] Step 220/228 | Total: 1.1303 | KL: 0.3901 | CE: 1.4804 | CSI@74: 0.3229
[Epoch 011/30] Train: 1.2523 (KL:0.4446 CE:1.6154) | Reward: 0.3224 | Val: 1.0652 | LR: 1.41e-04 | Time: 499.3s
  [Metrics @74] CSI=0.6164 | POD=0.7178 | FAR=0.1864 | HSS=0.7078
  [Metrics @133] CSI=0.3368 | POD=0.4013 | FAR=0.3230 | HSS=0.4755
------------------------------------------------------------
  [Epoch 12] Step 20/228 | Total: 1.2965 | KL: 0.4817 | CE: 1.6297 | CSI@74: 0.3168
  [Epoch 12] Step 40/228 | Total: 1.2002 | KL: 0.3824 | CE: 1.6356 | CSI@74: 0.3258
  [Epoch 12] Step 60/228 | Total: 1.3205 | KL: 0.4612 | CE: 1.7186 | CSI@74: 0.3223
  [Epoch 12] Step 80/228 | Total: 1.2454 | KL: 0.4416 | CE: 1.6076 | CSI@74: 0.3281
  [Epoch 12] Step 100/228 | Total: 1.2443 | KL: 0.4579 | CE: 1.5729 | CSI@74: 0.3254
  [Epoch 12] Step 120/228 | Total: 1.2890 | KL: 0.4631 | CE: 1.6518 | CSI@74: 0.3220
  [Epoch 12] Step 140/228 | Total: 1.1716 | KL: 0.4346 | CE: 1.4739 | CSI@74: 0.3222
  [Epoch 12] Step 160/228 | Total: 1.3531 | KL: 0.4868 | CE: 1.7325 | CSI@74: 0.3222
  [Epoch 12] Step 180/228 | Total: 1.2551 | KL: 0.4651 | CE: 1.5801 | CSI@74: 0.3245
  [Epoch 12] Step 200/228 | Total: 1.2837 | KL: 0.4656 | CE: 1.6364 | CSI@74: 0.3231
  [Epoch 12] Step 220/228 | Total: 1.1901 | KL: 0.3679 | CE: 1.6445 | CSI@74: 0.3228
[Epoch 012/30] Train: 1.2559 (KL:0.4512 CE:1.6094) | Reward: 0.3230 | Val: 1.0866 | LR: 1.32e-04 | Time: 499.1s
  [Metrics @74] CSI=0.6213 | POD=0.7283 | FAR=0.1912 | HSS=0.7117
  [Metrics @133] CSI=0.3562 | POD=0.4508 | FAR=0.3708 | HSS=0.4946
------------------------------------------------------------
  [Epoch 13] Step 20/228 | Total: 1.2097 | KL: 0.4129 | CE: 1.5937 | CSI@74: 0.3263
  [Epoch 13] Step 40/228 | Total: 1.1991 | KL: 0.4423 | CE: 1.5135 | CSI@74: 0.3236
  [Epoch 13] Step 60/228 | Total: 1.1938 | KL: 0.4413 | CE: 1.5050 | CSI@74: 0.3212
  [Epoch 13] Step 80/228 | Total: 1.2578 | KL: 0.4731 | CE: 1.5695 | CSI@74: 0.3242
  [Epoch 13] Step 100/228 | Total: 1.3647 | KL: 0.4926 | CE: 1.7443 | CSI@74: 0.3246
  [Epoch 13] Step 120/228 | Total: 1.2575 | KL: 0.4842 | CE: 1.5467 | CSI@74: 0.3268
  [Epoch 13] Step 140/228 | Total: 1.3307 | KL: 0.4973 | CE: 1.6670 | CSI@74: 0.3254
  [Epoch 13] Step 160/228 | Total: 1.2800 | KL: 0.5499 | CE: 1.4600 | CSI@74: 0.3229
  [Epoch 13] Step 180/228 | Total: 1.1990 | KL: 0.3798 | CE: 1.6386 | CSI@74: 0.3204
  [Epoch 13] Step 200/228 | Total: 1.3293 | KL: 0.4802 | CE: 1.6983 | CSI@74: 0.3165
  [Epoch 13] Step 220/228 | Total: 1.2281 | KL: 0.4488 | CE: 1.5587 | CSI@74: 0.3165
[Epoch 013/30] Train: 1.2635 (KL:0.4575 CE:1.6119) | Reward: 0.3169 | Val: 1.0591 | LR: 1.22e-04 | Time: 498.9s
  [Metrics @74] CSI=0.6217 | POD=0.7245 | FAR=0.1859 | HSS=0.7124
  [Metrics @133] CSI=0.2681 | POD=0.2968 | FAR=0.2650 | HSS=0.3977
------------------------------------------------------------
  [Epoch 14] Step 20/228 | Total: 1.2066 | KL: 0.4303 | CE: 1.5527 | CSI@74: 0.3306
  [Epoch 14] Step 40/228 | Total: 1.0920 | KL: 0.4118 | CE: 1.3603 | CSI@74: 0.3227
  [Epoch 14] Step 60/228 | Total: 1.2199 | KL: 0.4308 | CE: 1.5781 | CSI@74: 0.3241
  [Epoch 14] Step 80/228 | Total: 1.2517 | KL: 0.4182 | CE: 1.6670 | CSI@74: 0.3261
  [Epoch 14] Step 100/228 | Total: 1.3960 | KL: 0.5404 | CE: 1.7113 | CSI@74: 0.3248
  [Epoch 14] Step 120/228 | Total: 1.3426 | KL: 0.4722 | CE: 1.7408 | CSI@74: 0.3253
  [Epoch 14] Step 140/228 | Total: 1.2869 | KL: 0.4935 | CE: 1.5868 | CSI@74: 0.3266
  [Epoch 14] Step 160/228 | Total: 1.2802 | KL: 0.4825 | CE: 1.5954 | CSI@74: 0.3248
  [Epoch 14] Step 180/228 | Total: 1.3026 | KL: 0.4242 | CE: 1.7568 | CSI@74: 0.3246
  [Epoch 14] Step 200/228 | Total: 1.2157 | KL: 0.4479 | CE: 1.5356 | CSI@74: 0.3256
  [Epoch 14] Step 220/228 | Total: 1.2361 | KL: 0.4524 | CE: 1.5676 | CSI@74: 0.3244
[Epoch 014/30] Train: 1.2566 (KL:0.4536 CE:1.6060) | Reward: 0.3241 | Val: 1.0372 | LR: 1.11e-04 | Time: 498.7s
  [Metrics @74] CSI=0.5957 | POD=0.6695 | FAR=0.1561 | HSS=0.6920
  [Metrics @133] CSI=0.3176 | POD=0.3672 | FAR=0.2986 | HSS=0.4548
------------------------------------------------------------
  [Epoch 15] Step 20/228 | Total: 1.1578 | KL: 0.4215 | CE: 1.4725 | CSI@74: 0.2960
  [Epoch 15] Step 40/228 | Total: 1.1442 | KL: 0.4245 | CE: 1.4395 | CSI@74: 0.3132
  [Epoch 15] Step 60/228 | Total: 1.2603 | KL: 0.4840 | CE: 1.5525 | CSI@74: 0.3068
  [Epoch 15] Step 80/228 | Total: 1.3344 | KL: 0.4923 | CE: 1.6842 | CSI@74: 0.3161
  [Epoch 15] Step 100/228 | Total: 1.2503 | KL: 0.4495 | CE: 1.6016 | CSI@74: 0.3168
  [Epoch 15] Step 120/228 | Total: 1.1392 | KL: 0.4487 | CE: 1.3809 | CSI@74: 0.3117
  [Epoch 15] Step 140/228 | Total: 1.1872 | KL: 0.3963 | CE: 1.5818 | CSI@74: 0.3168
  [Epoch 15] Step 160/228 | Total: 1.2554 | KL: 0.4587 | CE: 1.5935 | CSI@74: 0.3192
  [Epoch 15] Step 180/228 | Total: 1.2460 | KL: 0.4429 | CE: 1.6062 | CSI@74: 0.3211
  [Epoch 15] Step 200/228 | Total: 1.2022 | KL: 0.4652 | CE: 1.4740 | CSI@74: 0.3207
  [Epoch 15] Step 220/228 | Total: 1.2514 | KL: 0.5047 | CE: 1.4934 | CSI@74: 0.3188
[Epoch 015/30] Train: 1.2545 (KL:0.4567 CE:1.5956) | Reward: 0.3205 | Val: 1.0507 | LR: 1.01e-04 | Time: 499.6s
  [Metrics @74] CSI=0.6045 | POD=0.6902 | FAR=0.1705 | HSS=0.6986
  [Metrics @133] CSI=0.2759 | POD=0.3052 | FAR=0.2583 | HSS=0.4074
------------------------------------------------------------
  [Epoch 16] Step 20/228 | Total: 1.1946 | KL: 0.3980 | CE: 1.5933 | CSI@74: 0.3198
  [Epoch 16] Step 40/228 | Total: 1.2057 | KL: 0.3719 | CE: 1.6674 | CSI@74: 0.3165
  [Epoch 16] Step 60/228 | Total: 1.2666 | KL: 0.4397 | CE: 1.6538 | CSI@74: 0.3249
  [Epoch 16] Step 80/228 | Total: 1.1600 | KL: 0.4187 | CE: 1.4825 | CSI@74: 0.3238
  [Epoch 16] Step 100/228 | Total: 1.2514 | KL: 0.4570 | CE: 1.5888 | CSI@74: 0.3236
  [Epoch 16] Step 120/228 | Total: 1.4082 | KL: 0.5388 | CE: 1.7388 | CSI@74: 0.3237
  [Epoch 16] Step 140/228 | Total: 1.2419 | KL: 0.4854 | CE: 1.5130 | CSI@74: 0.3234
  [Epoch 16] Step 160/228 | Total: 1.2329 | KL: 0.4303 | CE: 1.6052 | CSI@74: 0.3251
  [Epoch 16] Step 180/228 | Total: 1.3544 | KL: 0.5345 | CE: 1.6397 | CSI@74: 0.3238
  [Epoch 16] Step 200/228 | Total: 1.2685 | KL: 0.4765 | CE: 1.5839 | CSI@74: 0.3233
  [Epoch 16] Step 220/228 | Total: 1.2811 | KL: 0.4804 | CE: 1.6015 | CSI@74: 0.3236
[Epoch 016/30] Train: 1.2535 (KL:0.4558 CE:1.5953) | Reward: 0.3240 | Val: 1.0644 | LR: 9.07e-05 | Time: 499.2s
  [Metrics @74] CSI=0.6080 | POD=0.6879 | FAR=0.1603 | HSS=0.7025
  [Metrics @133] CSI=0.2612 | POD=0.2843 | FAR=0.2374 | HSS=0.3902
------------------------------------------------------------
  [Epoch 17] Step 20/228 | Total: 1.1875 | KL: 0.4864 | CE: 1.4023 | CSI@74: 0.2968
  [Epoch 17] Step 40/228 | Total: 1.2282 | KL: 0.4011 | CE: 1.6541 | CSI@74: 0.3082
  [Epoch 17] Step 60/228 | Total: 1.2680 | KL: 0.4619 | CE: 1.6121 | CSI@74: 0.3128
  [Epoch 17] Step 80/228 | Total: 1.2152 | KL: 0.3931 | CE: 1.6441 | CSI@74: 0.3214
  [Epoch 17] Step 100/228 | Total: 1.2715 | KL: 0.4633 | CE: 1.6163 | CSI@74: 0.3228
  [Epoch 17] Step 120/228 | Total: 1.1764 | KL: 0.4350 | CE: 1.4828 | CSI@74: 0.3237
  [Epoch 17] Step 140/228 | Total: 1.3036 | KL: 0.5112 | CE: 1.5849 | CSI@74: 0.3231
  [Epoch 17] Step 160/228 | Total: 1.2417 | KL: 0.4294 | CE: 1.6246 | CSI@74: 0.3242
  [Epoch 17] Step 180/228 | Total: 1.2325 | KL: 0.4556 | CE: 1.5538 | CSI@74: 0.3246
  [Epoch 17] Step 200/228 | Total: 1.2405 | KL: 0.4693 | CE: 1.5425 | CSI@74: 0.3250
  [Epoch 17] Step 220/228 | Total: 1.2548 | KL: 0.4593 | CE: 1.5909 | CSI@74: 0.3253
[Epoch 017/30] Train: 1.2546 (KL:0.4602 CE:1.5887) | Reward: 0.3241 | Val: 1.0517 | LR: 8.04e-05 | Time: 499.1s
  [Metrics @74] CSI=0.6374 | POD=0.7740 | FAR=0.2168 | HSS=0.7235
  [Metrics @133] CSI=0.2543 | POD=0.2757 | FAR=0.2338 | HSS=0.3817
  [Checkpoint] 保存最佳 OPSD+RW 模型，CSI@74: 0.6374
------------------------------------------------------------
  [Epoch 18] Step 20/228 | Total: 1.3393 | KL: 0.4791 | CE: 1.7203 | CSI@74: 0.3428
  [Epoch 18] Step 40/228 | Total: 1.2770 | KL: 0.4919 | CE: 1.5701 | CSI@74: 0.3280
  [Epoch 18] Step 60/228 | Total: 1.2129 | KL: 0.4356 | CE: 1.5546 | CSI@74: 0.3321
  [Epoch 18] Step 80/228 | Total: 1.2888 | KL: 0.4474 | CE: 1.6829 | CSI@74: 0.3285
  [Epoch 18] Step 100/228 | Total: 1.1963 | KL: 0.3704 | CE: 1.6519 | CSI@74: 0.3300
  [Epoch 18] Step 120/228 | Total: 1.3519 | KL: 0.5000 | CE: 1.7040 | CSI@74: 0.3298
  [Epoch 18] Step 140/228 | Total: 1.2998 | KL: 0.4693 | CE: 1.6610 | CSI@74: 0.3291
  [Epoch 18] Step 160/228 | Total: 1.2962 | KL: 0.4606 | CE: 1.6713 | CSI@74: 0.3310
  [Epoch 18] Step 180/228 | Total: 1.2861 | KL: 0.4387 | CE: 1.6948 | CSI@74: 0.3303
  [Epoch 18] Step 200/228 | Total: 1.3185 | KL: 0.4849 | CE: 1.6671 | CSI@74: 0.3298
  [Epoch 18] Step 220/228 | Total: 1.2781 | KL: 0.5319 | CE: 1.4923 | CSI@74: 0.3300
[Epoch 018/30] Train: 1.2553 (KL:0.4603 CE:1.5900) | Reward: 0.3291 | Val: 1.0557 | LR: 7.04e-05 | Time: 499.0s
  [Metrics @74] CSI=0.6330 | POD=0.7571 | FAR=0.2056 | HSS=0.7206
  [Metrics @133] CSI=0.3437 | POD=0.4070 | FAR=0.3115 | HSS=0.4837
------------------------------------------------------------
  [Epoch 19] Step 20/228 | Total: 1.2303 | KL: 0.4449 | CE: 1.5707 | CSI@74: 0.3379
  [Epoch 19] Step 40/228 | Total: 1.3992 | KL: 0.4651 | CE: 1.8682 | CSI@74: 0.3275
  [Epoch 19] Step 60/228 | Total: 1.2154 | KL: 0.4336 | CE: 1.5636 | CSI@74: 0.3292
  [Epoch 19] Step 80/228 | Total: 1.2106 | KL: 0.4050 | CE: 1.6113 | CSI@74: 0.3271
  [Epoch 19] Step 100/228 | Total: 1.2412 | KL: 0.4343 | CE: 1.6138 | CSI@74: 0.3279
  [Epoch 19] Step 120/228 | Total: 1.2402 | KL: 0.3994 | CE: 1.6816 | CSI@74: 0.3300
  [Epoch 19] Step 140/228 | Total: 1.2621 | KL: 0.4296 | CE: 1.6650 | CSI@74: 0.3304
  [Epoch 19] Step 160/228 | Total: 1.2816 | KL: 0.4794 | CE: 1.6044 | CSI@74: 0.3302
  [Epoch 19] Step 180/228 | Total: 1.1708 | KL: 0.3790 | CE: 1.5835 | CSI@74: 0.3309
  [Epoch 19] Step 200/228 | Total: 1.1931 | KL: 0.4393 | CE: 1.5076 | CSI@74: 0.3307
  [Epoch 19] Step 220/228 | Total: 1.2245 | KL: 0.4383 | CE: 1.5724 | CSI@74: 0.3291
[Epoch 019/30] Train: 1.2522 (KL:0.4582 CE:1.5881) | Reward: 0.3291 | Val: 1.0483 | LR: 6.07e-05 | Time: 499.1s
  [Metrics @74] CSI=0.5972 | POD=0.6698 | FAR=0.1537 | HSS=0.6935
  [Metrics @133] CSI=0.2809 | POD=0.3105 | FAR=0.2531 | HSS=0.4136
------------------------------------------------------------
  [Epoch 20] Step 20/228 | Total: 1.2810 | KL: 0.4818 | CE: 1.5983 | CSI@74: 0.3337
  [Epoch 20] Step 40/228 | Total: 1.3372 | KL: 0.4861 | CE: 1.7023 | CSI@74: 0.3319
  [Epoch 20] Step 60/228 | Total: 1.3343 | KL: 0.5154 | CE: 1.6378 | CSI@74: 0.3359
  [Epoch 20] Step 80/228 | Total: 1.1909 | KL: 0.4386 | CE: 1.5046 | CSI@74: 0.3331
  [Epoch 20] Step 100/228 | Total: 1.2359 | KL: 0.4578 | CE: 1.5562 | CSI@74: 0.3361
  [Epoch 20] Step 120/228 | Total: 1.2089 | KL: 0.4228 | CE: 1.5721 | CSI@74: 0.3335
  [Epoch 20] Step 140/228 | Total: 1.3438 | KL: 0.5008 | CE: 1.6859 | CSI@74: 0.3322
  [Epoch 20] Step 160/228 | Total: 1.2784 | KL: 0.4635 | CE: 1.6299 | CSI@74: 0.3353
  [Epoch 20] Step 180/228 | Total: 1.2251 | KL: 0.4319 | CE: 1.5863 | CSI@74: 0.3352
  [Epoch 20] Step 200/228 | Total: 1.2362 | KL: 0.5220 | CE: 1.4285 | CSI@74: 0.3312
  [Epoch 20] Step 220/228 | Total: 1.3737 | KL: 0.5352 | CE: 1.6770 | CSI@74: 0.3304
[Epoch 020/30] Train: 1.2541 (KL:0.4634 CE:1.5814) | Reward: 0.3306 | Val: 1.0607 | LR: 5.15e-05 | Time: 499.0s
  [Metrics @74] CSI=0.6414 | POD=0.7805 | FAR=0.2175 | HSS=0.7268
  [Metrics @133] CSI=0.3784 | POD=0.4712 | FAR=0.3423 | HSS=0.5199
  [Checkpoint] 保存最佳 OPSD+RW 模型，CSI@74: 0.6414
------------------------------------------------------------
  [Epoch 21] Step 20/228 | Total: 1.1925 | KL: 0.4646 | CE: 1.4559 | CSI@74: 0.3299
  [Epoch 21] Step 40/228 | Total: 1.2997 | KL: 0.4855 | CE: 1.6284 | CSI@74: 0.3308
  [Epoch 21] Step 60/228 | Total: 1.3131 | KL: 0.5003 | CE: 1.6256 | CSI@74: 0.3312
  [Epoch 21] Step 80/228 | Total: 1.3916 | KL: 0.5364 | CE: 1.7104 | CSI@74: 0.3302
  [Epoch 21] Step 100/228 | Total: 1.2810 | KL: 0.4849 | CE: 1.5921 | CSI@74: 0.3281
  [Epoch 21] Step 120/228 | Total: 1.2456 | KL: 0.4330 | CE: 1.6254 | CSI@74: 0.3278
  [Epoch 21] Step 140/228 | Total: 1.2396 | KL: 0.4416 | CE: 1.5959 | CSI@74: 0.3281
  [Epoch 21] Step 160/228 | Total: 1.2337 | KL: 0.4394 | CE: 1.5885 | CSI@74: 0.3277
  [Epoch 21] Step 180/228 | Total: 1.2921 | KL: 0.4802 | CE: 1.6237 | CSI@74: 0.3255
  [Epoch 21] Step 200/228 | Total: 1.2839 | KL: 0.5118 | CE: 1.5442 | CSI@74: 0.3270
  [Epoch 21] Step 220/228 | Total: 1.2953 | KL: 0.5246 | CE: 1.5414 | CSI@74: 0.3263
[Epoch 021/30] Train: 1.2549 (KL:0.4655 CE:1.5787) | Reward: 0.3264 | Val: 1.0815 | LR: 4.28e-05 | Time: 499.5s
  [Metrics @74] CSI=0.6449 | POD=0.7907 | FAR=0.2224 | HSS=0.7294
  [Metrics @133] CSI=0.3696 | POD=0.4530 | FAR=0.3323 | HSS=0.5110
  [Checkpoint] 保存最佳 OPSD+RW 模型，CSI@74: 0.6449
------------------------------------------------------------
  [Epoch 22] Step 20/228 | Total: 1.3151 | KL: 0.4799 | CE: 1.6705 | CSI@74: 0.3382
  [Epoch 22] Step 40/228 | Total: 1.2572 | KL: 0.4705 | CE: 1.5736 | CSI@74: 0.3406
  [Epoch 22] Step 60/228 | Total: 1.2703 | KL: 0.4999 | CE: 1.5408 | CSI@74: 0.3409
  [Epoch 22] Step 80/228 | Total: 1.3206 | KL: 0.5731 | CE: 1.4950 | CSI@74: 0.3357
  [Epoch 22] Step 100/228 | Total: 1.1735 | KL: 0.4173 | CE: 1.5123 | CSI@74: 0.3355
  [Epoch 22] Step 120/228 | Total: 1.2424 | KL: 0.5023 | CE: 1.4801 | CSI@74: 0.3349
  [Epoch 22] Step 140/228 | Total: 1.2222 | KL: 0.4098 | CE: 1.6248 | CSI@74: 0.3347
  [Epoch 22] Step 160/228 | Total: 1.3131 | KL: 0.4959 | CE: 1.6344 | CSI@74: 0.3354
  [Epoch 22] Step 180/228 | Total: 1.2700 | KL: 0.4418 | CE: 1.6564 | CSI@74: 0.3347
  [Epoch 22] Step 200/228 | Total: 1.2440 | KL: 0.5081 | CE: 1.4717 | CSI@74: 0.3345
  [Epoch 22] Step 220/228 | Total: 1.2110 | KL: 0.4302 | CE: 1.5616 | CSI@74: 0.3345
[Epoch 022/30] Train: 1.2534 (KL:0.4672 CE:1.5723) | Reward: 0.3340 | Val: 1.0405 | LR: 3.48e-05 | Time: 499.4s
  [Metrics @74] CSI=0.6361 | POD=0.7623 | FAR=0.2065 | HSS=0.7232
  [Metrics @133] CSI=0.3690 | POD=0.4565 | FAR=0.3421 | HSS=0.5098
------------------------------------------------------------
  [Epoch 23] Step 20/228 | Total: 1.2098 | KL: 0.4436 | CE: 1.5324 | CSI@74: 0.3282
  [Epoch 23] Step 40/228 | Total: 1.2950 | KL: 0.5326 | CE: 1.5248 | CSI@74: 0.3265
  [Epoch 23] Step 60/228 | Total: 1.2279 | KL: 0.4899 | CE: 1.4760 | CSI@74: 0.3187
  [Epoch 23] Step 80/228 | Total: 1.2047 | KL: 0.4143 | CE: 1.5808 | CSI@74: 0.3293
  [Epoch 23] Step 100/228 | Total: 1.2306 | KL: 0.4543 | CE: 1.5528 | CSI@74: 0.3274
  [Epoch 23] Step 120/228 | Total: 1.3036 | KL: 0.4398 | CE: 1.7276 | CSI@74: 0.3305
  [Epoch 23] Step 140/228 | Total: 1.1440 | KL: 0.4090 | CE: 1.4701 | CSI@74: 0.3308
  [Epoch 23] Step 160/228 | Total: 1.1846 | KL: 0.4415 | CE: 1.4863 | CSI@74: 0.3338
  [Epoch 23] Step 180/228 | Total: 1.3077 | KL: 0.5118 | CE: 1.5918 | CSI@74: 0.3351
  [Epoch 23] Step 200/228 | Total: 1.2952 | KL: 0.4662 | CE: 1.6580 | CSI@74: 0.3348
  [Epoch 23] Step 220/228 | Total: 1.2945 | KL: 0.5019 | CE: 1.5851 | CSI@74: 0.3338
[Epoch 023/30] Train: 1.2523 (KL:0.4675 CE:1.5696) | Reward: 0.3336 | Val: 1.0439 | LR: 2.74e-05 | Time: 499.1s
  [Metrics @74] CSI=0.6149 | POD=0.7006 | FAR=0.1660 | HSS=0.7081
  [Metrics @133] CSI=0.2965 | POD=0.3303 | FAR=0.2567 | HSS=0.4319
------------------------------------------------------------
  [Epoch 24] Step 20/228 | Total: 1.2109 | KL: 0.4396 | CE: 1.5425 | CSI@74: 0.3270
  [Epoch 24] Step 40/228 | Total: 1.3629 | KL: 0.4745 | CE: 1.7768 | CSI@74: 0.3173
  [Epoch 24] Step 60/228 | Total: 1.1733 | KL: 0.4052 | CE: 1.5362 | CSI@74: 0.3220
  [Epoch 24] Step 80/228 | Total: 1.2235 | KL: 0.4755 | CE: 1.4960 | CSI@74: 0.3261
  [Epoch 24] Step 100/228 | Total: 1.3188 | KL: 0.4834 | CE: 1.6710 | CSI@74: 0.3287
  [Epoch 24] Step 120/228 | Total: 1.2025 | KL: 0.5146 | CE: 1.3758 | CSI@74: 0.3289
  [Epoch 24] Step 140/228 | Total: 1.3039 | KL: 0.4721 | CE: 1.6635 | CSI@74: 0.3300
  [Epoch 24] Step 160/228 | Total: 1.2563 | KL: 0.4252 | CE: 1.6621 | CSI@74: 0.3315
  [Epoch 24] Step 180/228 | Total: 1.2246 | KL: 0.4577 | CE: 1.5340 | CSI@74: 0.3300
  [Epoch 24] Step 200/228 | Total: 1.2258 | KL: 0.4353 | CE: 1.5810 | CSI@74: 0.3314
  [Epoch 24] Step 220/228 | Total: 1.2894 | KL: 0.5098 | CE: 1.5593 | CSI@74: 0.3324
[Epoch 024/30] Train: 1.2448 (KL:0.4625 CE:1.5645) | Reward: 0.3334 | Val: 1.0469 | LR: 2.09e-05 | Time: 499.2s
  [Metrics @74] CSI=0.6367 | POD=0.7591 | FAR=0.2021 | HSS=0.7241
  [Metrics @133] CSI=0.3659 | POD=0.4419 | FAR=0.3197 | HSS=0.5075
------------------------------------------------------------
  [Epoch 25] Step 20/228 | Total: 1.3245 | KL: 0.5000 | CE: 1.6491 | CSI@74: 0.3359
  [Epoch 25] Step 40/228 | Total: 1.2239 | KL: 0.4313 | CE: 1.5854 | CSI@74: 0.3362
  [Epoch 25] Step 60/228 | Total: 1.2501 | KL: 0.4691 | CE: 1.5620 | CSI@74: 0.3372
  [Epoch 25] Step 80/228 | Total: 1.2745 | KL: 0.4900 | CE: 1.5691 | CSI@74: 0.3393
  [Epoch 25] Step 100/228 | Total: 1.2190 | KL: 0.4311 | CE: 1.5758 | CSI@74: 0.3396
  [Epoch 25] Step 120/228 | Total: 1.2149 | KL: 0.5048 | CE: 1.4202 | CSI@74: 0.3380
  [Epoch 25] Step 140/228 | Total: 1.1667 | KL: 0.4569 | CE: 1.4197 | CSI@74: 0.3394
  [Epoch 25] Step 160/228 | Total: 1.1683 | KL: 0.4524 | CE: 1.4317 | CSI@74: 0.3389
  [Epoch 25] Step 180/228 | Total: 1.2989 | KL: 0.5182 | CE: 1.5614 | CSI@74: 0.3379
  [Epoch 25] Step 200/228 | Total: 1.2643 | KL: 0.5053 | CE: 1.5179 | CSI@74: 0.3366
  [Epoch 25] Step 220/228 | Total: 1.2648 | KL: 0.4664 | CE: 1.5969 | CSI@74: 0.3364
[Epoch 025/30] Train: 1.2535 (KL:0.4727 CE:1.5617) | Reward: 0.3362 | Val: 1.0457 | LR: 1.53e-05 | Time: 499.2s
  [Metrics @74] CSI=0.6429 | POD=0.7671 | FAR=0.2012 | HSS=0.7295
  [Metrics @133] CSI=0.3780 | POD=0.4649 | FAR=0.3309 | HSS=0.5200
------------------------------------------------------------
  [Epoch 26] Step 20/228 | Total: 1.2346 | KL: 0.4805 | CE: 1.5081 | CSI@74: 0.3304
  [Epoch 26] Step 40/228 | Total: 1.2765 | KL: 0.4556 | CE: 1.6418 | CSI@74: 0.3241
  [Epoch 26] Step 60/228 | Total: 1.2500 | KL: 0.4790 | CE: 1.5421 | CSI@74: 0.3281
  [Epoch 26] Step 80/228 | Total: 1.2585 | KL: 0.5088 | CE: 1.4994 | CSI@74: 0.3335
  [Epoch 26] Step 100/228 | Total: 1.1778 | KL: 0.4273 | CE: 1.5012 | CSI@74: 0.3306
  [Epoch 26] Step 120/228 | Total: 1.3010 | KL: 0.5123 | CE: 1.5774 | CSI@74: 0.3309
  [Epoch 26] Step 140/228 | Total: 1.2666 | KL: 0.4898 | CE: 1.5535 | CSI@74: 0.3307
  [Epoch 26] Step 160/228 | Total: 1.1628 | KL: 0.4170 | CE: 1.4916 | CSI@74: 0.3331
  [Epoch 26] Step 180/228 | Total: 1.2109 | KL: 0.4577 | CE: 1.5064 | CSI@74: 0.3315
  [Epoch 26] Step 200/228 | Total: 1.3212 | KL: 0.4799 | CE: 1.6828 | CSI@74: 0.3327
  [Epoch 26] Step 220/228 | Total: 1.1469 | KL: 0.4320 | CE: 1.4298 | CSI@74: 0.3336
[Epoch 026/30] Train: 1.2516 (KL:0.4699 CE:1.5634) | Reward: 0.3334 | Val: 1.0402 | LR: 1.06e-05 | Time: 499.2s
  [Metrics @74] CSI=0.6397 | POD=0.7583 | FAR=0.1965 | HSS=0.7271
  [Metrics @133] CSI=0.3633 | POD=0.4339 | FAR=0.3093 | HSS=0.5052
------------------------------------------------------------
  [Epoch 27] Step 20/228 | Total: 1.2434 | KL: 0.4378 | CE: 1.6113 | CSI@74: 0.3452
  [Epoch 27] Step 40/228 | Total: 1.2688 | KL: 0.4813 | CE: 1.5749 | CSI@74: 0.3378
  [Epoch 27] Step 60/228 | Total: 1.2511 | KL: 0.4590 | CE: 1.5842 | CSI@74: 0.3418
  [Epoch 27] Step 80/228 | Total: 1.3070 | KL: 0.5229 | CE: 1.5682 | CSI@74: 0.3388
  [Epoch 27] Step 100/228 | Total: 1.2700 | KL: 0.4497 | CE: 1.6406 | CSI@74: 0.3389
  [Epoch 27] Step 120/228 | Total: 1.2537 | KL: 0.5098 | CE: 1.4878 | CSI@74: 0.3369
  [Epoch 27] Step 140/228 | Total: 1.2330 | KL: 0.4659 | CE: 1.5342 | CSI@74: 0.3367
  [Epoch 27] Step 160/228 | Total: 1.3878 | KL: 0.5672 | CE: 1.6413 | CSI@74: 0.3368
  [Epoch 27] Step 180/228 | Total: 1.2484 | KL: 0.4394 | CE: 1.6181 | CSI@74: 0.3337
  [Epoch 27] Step 200/228 | Total: 1.2160 | KL: 0.4491 | CE: 1.5337 | CSI@74: 0.3360
  [Epoch 27] Step 220/228 | Total: 1.2117 | KL: 0.4069 | CE: 1.6095 | CSI@74: 0.3363
[Epoch 027/30] Train: 1.2516 (KL:0.4720 CE:1.5591) | Reward: 0.3360 | Val: 1.0376 | LR: 6.85e-06 | Time: 499.3s
  [Metrics @74] CSI=0.6395 | POD=0.7550 | FAR=0.1931 | HSS=0.7272
  [Metrics @133] CSI=0.3584 | POD=0.4256 | FAR=0.3059 | HSS=0.5000
------------------------------------------------------------
  [Epoch 28] Step 20/228 | Total: 1.2491 | KL: 0.4806 | CE: 1.5369 | CSI@74: 0.3186
  [Epoch 28] Step 40/228 | Total: 1.2855 | KL: 0.4530 | CE: 1.6651 | CSI@74: 0.3283
  [Epoch 28] Step 60/228 | Total: 1.3063 | KL: 0.5033 | CE: 1.6062 | CSI@74: 0.3313
  [Epoch 28] Step 80/228 | Total: 1.2650 | KL: 0.4559 | CE: 1.6181 | CSI@74: 0.3309
  [Epoch 28] Step 100/228 | Total: 1.1663 | KL: 0.4311 | CE: 1.4705 | CSI@74: 0.3297
  [Epoch 28] Step 120/228 | Total: 1.2856 | KL: 0.4479 | CE: 1.6752 | CSI@74: 0.3286
  [Epoch 28] Step 140/228 | Total: 1.2940 | KL: 0.4927 | CE: 1.6027 | CSI@74: 0.3329
  [Epoch 28] Step 160/228 | Total: 1.2744 | KL: 0.4708 | CE: 1.6072 | CSI@74: 0.3342
  [Epoch 28] Step 180/228 | Total: 1.3159 | KL: 0.5272 | CE: 1.5775 | CSI@74: 0.3351
  [Epoch 28] Step 200/228 | Total: 1.2093 | KL: 0.4701 | CE: 1.4784 | CSI@74: 0.3346
  [Epoch 28] Step 220/228 | Total: 1.1948 | KL: 0.4098 | CE: 1.5700 | CSI@74: 0.3348
[Epoch 028/30] Train: 1.2529 (KL:0.4724 CE:1.5611) | Reward: 0.3341 | Val: 1.0426 | LR: 4.16e-06 | Time: 498.7s
  [Metrics @74] CSI=0.6419 | POD=0.7610 | FAR=0.1959 | HSS=0.7291
  [Metrics @133] CSI=0.3747 | POD=0.4552 | FAR=0.3206 | HSS=0.5170
------------------------------------------------------------
  [Epoch 29] Step 20/228 | Total: 1.2519 | KL: 0.4748 | CE: 1.5542 | CSI@74: 0.3393
  [Epoch 29] Step 40/228 | Total: 1.2860 | KL: 0.4863 | CE: 1.5994 | CSI@74: 0.3416
  [Epoch 29] Step 60/228 | Total: 1.2571 | KL: 0.4915 | CE: 1.5313 | CSI@74: 0.3460
  [Epoch 29] Step 80/228 | Total: 1.2979 | KL: 0.4760 | CE: 1.6437 | CSI@74: 0.3427
  [Epoch 29] Step 100/228 | Total: 1.2546 | KL: 0.5061 | CE: 1.4972 | CSI@74: 0.3404
  [Epoch 29] Step 120/228 | Total: 1.1749 | KL: 0.4543 | CE: 1.4413 | CSI@74: 0.3391
  [Epoch 29] Step 140/228 | Total: 1.2219 | KL: 0.4317 | CE: 1.5803 | CSI@74: 0.3366
  [Epoch 29] Step 160/228 | Total: 1.2051 | KL: 0.4625 | CE: 1.4852 | CSI@74: 0.3354
  [Epoch 29] Step 180/228 | Total: 1.2769 | KL: 0.4612 | CE: 1.6315 | CSI@74: 0.3357
  [Epoch 29] Step 200/228 | Total: 1.2659 | KL: 0.4488 | CE: 1.6341 | CSI@74: 0.3358
  [Epoch 29] Step 220/228 | Total: 1.1312 | KL: 0.4525 | CE: 1.3574 | CSI@74: 0.3357
[Epoch 029/30] Train: 1.2514 (KL:0.4724 CE:1.5580) | Reward: 0.3370 | Val: 1.0334 | LR: 2.54e-06 | Time: 499.1s
  [Metrics @74] CSI=0.6429 | POD=0.7645 | FAR=0.1984 | HSS=0.7297
  [Metrics @133] CSI=0.3724 | POD=0.4496 | FAR=0.3157 | HSS=0.5147
------------------------------------------------------------
  [Epoch 30] Step 20/228 | Total: 1.2086 | KL: 0.4945 | CE: 1.4282 | CSI@74: 0.3244
  [Epoch 30] Step 40/228 | Total: 1.2037 | KL: 0.4630 | CE: 1.4814 | CSI@74: 0.3349
  [Epoch 30] Step 60/228 | Total: 1.2270 | KL: 0.4529 | CE: 1.5483 | CSI@74: 0.3374
  [Epoch 30] Step 80/228 | Total: 1.3046 | KL: 0.5269 | CE: 1.5555 | CSI@74: 0.3340
  [Epoch 30] Step 100/228 | Total: 1.2330 | KL: 0.4288 | CE: 1.6085 | CSI@74: 0.3315
  [Epoch 30] Step 120/228 | Total: 1.2244 | KL: 0.4663 | CE: 1.5162 | CSI@74: 0.3354
  [Epoch 30] Step 140/228 | Total: 1.2550 | KL: 0.4437 | CE: 1.6226 | CSI@74: 0.3380
  [Epoch 30] Step 160/228 | Total: 1.3044 | KL: 0.4963 | CE: 1.6163 | CSI@74: 0.3370
  [Epoch 30] Step 180/228 | Total: 1.2548 | KL: 0.4446 | CE: 1.6204 | CSI@74: 0.3370
  [Epoch 30] Step 200/228 | Total: 1.1959 | KL: 0.4412 | CE: 1.5093 | CSI@74: 0.3369
  [Epoch 30] Step 220/228 | Total: 1.2097 | KL: 0.4607 | CE: 1.4979 | CSI@74: 0.3364
[Epoch 030/30] Train: 1.2515 (KL:0.4728 CE:1.5575) | Reward: 0.3364 | Val: 1.0321 | LR: 2.00e-06 | Time: 499.1s
  [Metrics @74] CSI=0.6398 | POD=0.7543 | FAR=0.1918 | HSS=0.7276
  [Metrics @133] CSI=0.3608 | POD=0.4279 | FAR=0.3030 | HSS=0.5028
------------------------------------------------------------

[Done] OPSD+RW 训练完成！最佳 CSI@74: 0.6449
       最佳模型已保存至：checkpoints_mamba/opsd_rw/best.pth
